[{"name":"alloy-primitives","settings":{},"status":"Success","custom_profile":false,"version":"0.6.4"},{"name":"alloy-rlp","settings":{},"status":"Success","custom_profile":false,"version":"0.3.4"},{"name":"alloy-rlp-derive","settings":{},"status":"Success","custom_profile":false,"version":"0.3.4"},{"name":"anyhow","settings":{"std":true},"status":"Success","custom_profile":true,"version":"1.0.80"},{"name":"async-channel","settings":{"patch":"[patch.crates-io]\ncrossbeam = { git = \"https://github.com/risc0/crossbeam\", rev = \"b25eb50f8c193f36dacb6739692261ea96827bb7\" }\ncrossbeam-utils = { git = \"https://github.com/risc0/crossbeam\", rev = \"b25eb50f8c193f36dacb6739692261ea96827bb7\" }\ncrossbeam-channel = { git = \"https://github.com/risc0/crossbeam\", rev = \"b25eb50f8c193f36dacb6739692261ea96827bb7\" }\n"},"status":"Success","custom_profile":true,"version":"2.2.0"},{"name":"async-executor","settings":{"patch":"[patch.crates-io]\ncrossbeam = { git = \"https://github.com/risc0/crossbeam\", rev = \"b25eb50f8c193f36dacb6739692261ea96827bb7\" }\ncrossbeam-utils = { git = \"https://github.com/risc0/crossbeam\", rev = \"b25eb50f8c193f36dacb6739692261ea96827bb7\" }\ncrossbeam-channel = { git = \"https://github.com/risc0/crossbeam\", rev = \"b25eb50f8c193f36dacb6739692261ea96827bb7\" }\n"},"status":"BuildFail","custom_profile":true,"version":"1.9.0","build_errors":"method_name: Starting build for riscv32im-risc0-zkvm-elf\nmethod_name:     Updating crates.io index\nmethod_name: error: failed to select a version for the requirement `async-executor = \"^1.9.0\"`\nmethod_name: candidate versions found which didn't match: 1.8.0, 1.7.2, 1.6.0, ...\nmethod_name: location searched: crates.io index\nmethod_name: required by package `method_name v0.1.0 (/tmp/.tmpiCxVRt/template_project/methods/guest)`\nmethod_name: perhaps a crate was updated and forgotten to be re-vendored?\n"},{"name":"async-io","settings":{"patch":"[patch.crates-io]\ncrossbeam = { git = \"https://github.com/risc0/crossbeam\", rev = \"b25eb50f8c193f36dacb6739692261ea96827bb7\" }\ncrossbeam-utils = { git = \"https://github.com/risc0/crossbeam\", rev = \"b25eb50f8c193f36dacb6739692261ea96827bb7\" }\ncrossbeam-channel = { git = \"https://github.com/risc0/crossbeam\", rev = \"b25eb50f8c193f36dacb6739692261ea96827bb7\" }\n"},"status":"BuildFail","custom_profile":true,"version":"2.3.1","build_errors":"method_name: Starting build for riscv32im-risc0-zkvm-elf\nmethod_name:     Updating crates.io index\nmethod_name: warning: Patch `crossbeam v0.8.2 (https://github.com/risc0/crossbeam?rev=b25eb50f8c193f36dacb6739692261ea96827bb7#b25eb50f)` was not used in the crate graph.\nmethod_name: Patch `crossbeam-channel v0.5.6 (https://github.com/risc0/crossbeam?rev=b25eb50f8c193f36dacb6739692261ea96827bb7#b25eb50f)` was not used in the crate graph.\nmethod_name: Check that the patched package version and available features are compatible\nmethod_name: with the dependency requirements. If the patch has a different version from\nmethod_name: what is locked in the Cargo.lock file, run `cargo update` to use the new\nmethod_name: version. This may also occur with an optional dependency that is not enabled.\nmethod_name:  Downloading crates ...\nmethod_name:   Downloaded polling v3.5.0\nmethod_name:   Downloaded futures-lite v2.2.0\nmethod_name:   Downloaded async-lock v3.3.0\nmethod_name:   Downloaded event-listener-strategy v0.4.0\nmethod_name:   Downloaded async-io v2.3.1\nmethod_name:   Downloaded event-listener v4.0.3\nmethod_name:    Compiling libc v0.2.153\nmethod_name:    Compiling autocfg v1.1.0\nmethod_name:    Compiling rustix v0.38.31\nmethod_name:    Compiling bitflags v2.4.2\nmethod_name:    Compiling errno v0.3.8\nmethod_name:    Compiling futures-io v0.3.30\nmethod_name:    Compiling futures-lite v2.2.0\nmethod_name:    Compiling concurrent-queue v2.4.0\nmethod_name:    Compiling polling v3.5.0\nmethod_name: error[E0583]: file not found for module `sys`\nmethod_name:   --> /home/ubuntu/.cargo/registry/src/index.crates.io-6f17d22bba15001f/errno-0.3.8/src/lib.rs:26:1\nmethod_name:    |\nmethod_name: 26 | mod sys;\nmethod_name:    | ^^^^^^^^\nmethod_name:    |\nmethod_name:    = help: to create the module `sys`, create file \"/home/ubuntu/.cargo/registry/src/index.crates.io-6f17d22bba15001f/errno-0.3.8/src/sys.rs\" or \"/home/ubuntu/.cargo/registry/src/index.crates.io-6f17d22bba15001f/errno-0.3.8/src/sys/mod.rs\"\nmethod_name: \nmethod_name: error: polling does not support this target OS\nmethod_name:    --> /home/ubuntu/.cargo/registry/src/index.crates.io-6f17d22bba15001f/polling-3.5.0/src/lib.rs:120:9\nmethod_name:     |\nmethod_name: 120 |         compile_error!(\"polling does not support this target OS\");\nmethod_name:     |         ^^^^^^^^^^^^^^^^^^^^^^^^^^^^^^^^^^^^^^^^^^^^^^^^^^^^^^^^^\nmethod_name: \nmethod_name: error[E0425]: cannot find function `with_description` in module `sys`\nmethod_name:   --> /home/ubuntu/.cargo/registry/src/index.crates.io-6f17d22bba15001f/errno-0.3.8/src/lib.rs:47:14\nmethod_name:    |\nmethod_name: 47 |         sys::with_description(*self, |desc| {\nmethod_name:    |              ^^^^^^^^^^^^^^^^ not found in `sys`\nmethod_name: \nmethod_name: error[E0425]: cannot find function `with_description` in module `sys`\nmethod_name:   --> /home/ubuntu/.cargo/registry/src/index.crates.io-6f17d22bba15001f/errno-0.3.8/src/lib.rs:58:14\nmethod_name:    |\nmethod_name: 58 |         sys::with_description(*self, |desc| match desc {\nmethod_name:    |              ^^^^^^^^^^^^^^^^ not found in `sys`\nmethod_name: \nmethod_name: error[E0425]: cannot find value `STRERROR_NAME` in module `sys`\nmethod_name:   --> /home/ubuntu/.cargo/registry/src/index.crates.io-6f17d22bba15001f/errno-0.3.8/src/lib.rs:64:22\nmethod_name:    |\nmethod_name: 64 |                 sys::STRERROR_NAME,\nmethod_name:    |                      ^^^^^^^^^^^^^ not found in `sys`\nmethod_name: \nmethod_name: error[E0425]: cannot find function `errno` in module `sys`\nmethod_name:   --> /home/ubuntu/.cargo/registry/src/index.crates.io-6f17d22bba15001f/errno-0.3.8/src/lib.rs:95:10\nmethod_name:    |\nmethod_name: 95 |     sys::errno()\nmethod_name:    |          ^^^^^ not found in `sys`\nmethod_name: \nmethod_name: error[E0425]: cannot find function `set_errno` in module `sys`\nmethod_name:    --> /home/ubuntu/.cargo/registry/src/index.crates.io-6f17d22bba15001f/errno-0.3.8/src/lib.rs:100:10\nmethod_name:     |\nmethod_name: 100 |     sys::set_errno(err)\nmethod_name:     |          ^^^^^^^^^ not found in `sys`\nmethod_name: \nmethod_name: error[E0433]: failed to resolve: use of undeclared crate or module `sys`\nmethod_name:    --> /home/ubuntu/.cargo/registry/src/index.crates.io-6f17d22bba15001f/polling-3.5.0/src/lib.rs:139:12\nmethod_name:     |\nmethod_name: 139 |     extra: sys::EventExtra,\nmethod_name:     |            ^^^ use of undeclared crate or module `sys`\nmethod_name: \nmethod_name: error[E0433]: failed to resolve: use of undeclared crate or module `sys`\nmethod_name:    --> /home/ubuntu/.cargo/registry/src/index.crates.io-6f17d22bba15001f/polling-3.5.0/src/lib.rs:193:20\nmethod_name:     |\nmethod_name: 193 |             extra: sys::EventExtra::empty(),\nmethod_name:     |                    ^^^ use of undeclared crate or module `sys`\nmethod_name: \nmethod_name: error[E0433]: failed to resolve: use of undeclared crate or module `sys`\nmethod_name:    --> /home/ubuntu/.cargo/registry/src/index.crates.io-6f17d22bba15001f/polling-3.5.0/src/lib.rs:401:22\nmethod_name:     |\nmethod_name: 401 |         self.extra = sys::EventExtra::empty();\nmethod_name:     |                      ^^^ use of undeclared crate or module `sys`\nmethod_name: \nmethod_name: error[E0433]: failed to resolve: use of undeclared crate or module `sys`\nmethod_name:    --> /home/ubuntu/.cargo/registry/src/index.crates.io-6f17d22bba15001f/polling-3.5.0/src/lib.rs:416:13\nmethod_name:     |\nmethod_name: 416 |     poller: sys::Poller,\nmethod_name:     |             ^^^ use of undeclared crate or module `sys`\nmethod_name: \nmethod_name: error[E0433]: failed to resolve: use of undeclared crate or module `sys`\nmethod_name:    --> /home/ubuntu/.cargo/registry/src/index.crates.io-6f17d22bba15001f/polling-3.5.0/src/lib.rs:434:21\nmethod_name:     |\nmethod_name: 434 |             poller: sys::Poller::new()?,\nmethod_name:     |                     ^^^ use of undeclared crate or module `sys`\nmethod_name: \nmethod_name: error[E0433]: failed to resolve: use of undeclared crate or module `sys`\nmethod_name:    --> /home/ubuntu/.cargo/registry/src/index.crates.io-6f17d22bba15001f/polling-3.5.0/src/lib.rs:786:13\nmethod_name:     |\nmethod_name: 786 |     events: sys::Events,\nmethod_name:     |             ^^^ use of undeclared crate or module `sys`\nmethod_name: \nmethod_name: error[E0433]: failed to resolve: use of undeclared crate or module `sys`\nmethod_name:    --> /home/ubuntu/.cargo/registry/src/index.crates.io-6f17d22bba15001f/polling-3.5.0/src/lib.rs:838:21\nmethod_name:     |\nmethod_name: 838 |             events: sys::Events::with_capacity(capacity.get()),\nmethod_name:     |                     ^^^ use of undeclared crate or module `sys`\nmethod_name: \nmethod_name: error[E0405]: cannot find trait `AsRawSource` in this scope\nmethod_name:    --> /home/ubuntu/.cargo/registry/src/index.crates.io-6f17d22bba15001f/polling-3.5.0/src/lib.rs:510:43\nmethod_name:     |\nmethod_name: 510 |     pub unsafe fn add(&self, source: impl AsRawSource, interest: Event) -> io::Result<()> {\nmethod_name:     |                                           ^^^^^^^^^^^ not found in this scope\nmethod_name: \nmethod_name: error[E0405]: cannot find trait `AsRawSource` in this scope\nmethod_name:    --> /home/ubuntu/.cargo/registry/src/index.crates.io-6f17d22bba15001f/polling-3.5.0/src/lib.rs:531:22\nmethod_name:     |\nmethod_name: 531 |         source: impl AsRawSource,\nmethod_name:     |                      ^^^^^^^^^^^ not found in this scope\nmethod_name: \nmethod_name: error[E0405]: cannot find trait `AsSource` in this scope\nmethod_name:    --> /home/ubuntu/.cargo/registry/src/index.crates.io-6f17d22bba15001f/polling-3.5.0/src/lib.rs:615:39\nmethod_name:     |\nmethod_name: 615 |     pub fn modify(&self, source: impl AsSource, interest: Event) -> io::Result<()> {\nmethod_name:     |                                       ^^^^^^^^ not found in this scope\nmethod_name: \nmethod_name: error[E0405]: cannot find trait `AsSource` in this scope\nmethod_name:    --> /home/ubuntu/.cargo/registry/src/index.crates.io-6f17d22bba15001f/polling-3.5.0/src/lib.rs:636:22\nmethod_name:     |\nmethod_name: 636 |         source: impl AsSource,\nmethod_name:     |                      ^^^^^^^^ not found in this scope\nmethod_name: \nmethod_name: error[E0405]: cannot find trait `AsSource` in this scope\nmethod_name:    --> /home/ubuntu/.cargo/registry/src/index.crates.io-6f17d22bba15001f/polling-3.5.0/src/lib.rs:669:39\nmethod_name:     |\nmethod_name: 669 |     pub fn delete(&self, source: impl AsSource) -> io::Result<()> {\nmethod_name:     |                                       ^^^^^^^^ not found in this scope\nmethod_name: \nmethod_name: Some errors have detailed explanations: E0425, E0583.\nmethod_name: For more information about an error, try `rustc --explain E0425`.\nmethod_name: Some errors have detailed explanations: E0405, E0433.\nmethod_name: For more information about an error, try `rustc --explain E0405`.\nmethod_name: error: could not compile `errno` (lib) due to 6 previous errors\nmethod_name: warning: build failed, waiting for other jobs to finish...\nmethod_name: error: could not compile `polling` (lib) due to 13 previous errors\n"},{"name":"blocking","settings":{"patch":"[patch.crates-io]\ncrossbeam = { git = \"https://github.com/risc0/crossbeam\", rev = \"b25eb50f8c193f36dacb6739692261ea96827bb7\" }\ncrossbeam-utils = { git = \"https://github.com/risc0/crossbeam\", rev = \"b25eb50f8c193f36dacb6739692261ea96827bb7\" }\ncrossbeam-channel = { git = \"https://github.com/risc0/crossbeam\", rev = \"b25eb50f8c193f36dacb6739692261ea96827bb7\" }\n"},"status":"Success","custom_profile":true,"version":"1.5.1"},{"name":"bytes","settings":{},"status":"Success","custom_profile":false,"version":"1.5.0"},{"name":"cargo_metadata","settings":{"std":true},"status":"Success","custom_profile":true,"version":"0.18.1"},{"name":"clap","settings":{"std":true},"status":"BuildFail","custom_profile":true,"version":"4.5.1","build_errors":"method_name: Starting build for riscv32im-risc0-zkvm-elf\nmethod_name:     Updating crates.io index\nmethod_name:  Downloading crates ...\nmethod_name:   Downloaded strsim v0.11.0\nmethod_name:   Downloaded clap_lex v0.7.0\nmethod_name:   Downloaded clap v4.5.1\nmethod_name:   Downloaded clap_builder v4.5.1\nmethod_name: error: package `clap_builder v4.5.1` cannot be built because it requires rustc 1.74 or newer, while the currently active rustc version is 1.70.0-dev\nmethod_name: Either upgrade to rustc 1.74 or newer, or use\nmethod_name: cargo update clap_builder@4.5.1 --precise ver\nmethod_name: where `ver` is the latest version of `clap_builder` supporting rustc 1.70.0-dev\n"},{"name":"concurrent-queue","settings":{"patch":"[patch.crates-io]\ncrossbeam = { git = \"https://github.com/risc0/crossbeam\", rev = \"b25eb50f8c193f36dacb6739692261ea96827bb7\" }\ncrossbeam-utils = { git = \"https://github.com/risc0/crossbeam\", rev = \"b25eb50f8c193f36dacb6739692261ea96827bb7\" }\ncrossbeam-channel = { git = \"https://github.com/risc0/crossbeam\", rev = \"b25eb50f8c193f36dacb6739692261ea96827bb7\" }\n"},"status":"Success","custom_profile":true,"version":"2.4.0"},{"name":"criterion","settings":{"std":true,"patch":"[patch.crates-io]\ncrossbeam = { git = \"https://github.com/risc0/crossbeam\", rev = \"b25eb50f8c193f36dacb6739692261ea96827bb7\" }\ncrossbeam-utils = { git = \"https://github.com/risc0/crossbeam\", rev = \"b25eb50f8c193f36dacb6739692261ea96827bb7\" }\ncrossbeam-channel = { git = \"https://github.com/risc0/crossbeam\", rev = \"b25eb50f8c193f36dacb6739692261ea96827bb7\" }\n"},"status":"BuildFail","custom_profile":true,"version":"0.5.1","build_errors":"method_name: Starting build for riscv32im-risc0-zkvm-elf\nmethod_name:     Updating crates.io index\nmethod_name: warning: Patch `crossbeam v0.8.2 (https://github.com/risc0/crossbeam?rev=b25eb50f8c193f36dacb6739692261ea96827bb7#b25eb50f)` was not used in the crate graph.\nmethod_name: Patch `crossbeam-channel v0.5.6 (https://github.com/risc0/crossbeam?rev=b25eb50f8c193f36dacb6739692261ea96827bb7#b25eb50f)` was not used in the crate graph.\nmethod_name: Patch `crossbeam-utils v0.8.14 (https://github.com/risc0/crossbeam?rev=b25eb50f8c193f36dacb6739692261ea96827bb7#b25eb50f)` was not used in the crate graph.\nmethod_name: Check that the patched package version and available features are compatible\nmethod_name: with the dependency requirements. If the patch has a different version from\nmethod_name: what is locked in the Cargo.lock file, run `cargo update` to use the new\nmethod_name: version. This may also occur with an optional dependency that is not enabled.\nmethod_name:  Downloading crates ...\nmethod_name:   Downloaded ciborium-io v0.2.2\nmethod_name:   Downloaded criterion-plot v0.5.0\nmethod_name:   Downloaded plotters-svg v0.3.5\nmethod_name:   Downloaded anes v0.1.6\nmethod_name:   Downloaded ciborium-ll v0.2.2\nmethod_name:   Downloaded ciborium v0.2.2\nmethod_name:   Downloaded plotters-backend v0.3.5\nmethod_name:   Downloaded cast v0.3.0\nmethod_name:   Downloaded oorandom v11.1.3\nmethod_name:   Downloaded tinytemplate v1.2.1\nmethod_name:   Downloaded walkdir v2.5.0\nmethod_name:   Downloaded plotters v0.3.5\nmethod_name:   Downloaded criterion v0.5.1\nmethod_name:   Downloaded half v2.4.0\nmethod_name: error: package `clap v4.5.1` cannot be built because it requires rustc 1.74 or newer, while the currently active rustc version is 1.70.0-dev\nmethod_name: Either upgrade to rustc 1.74 or newer, or use\nmethod_name: cargo update clap@4.5.1 --precise ver\nmethod_name: where `ver` is the latest version of `clap` supporting rustc 1.70.0-dev\n"},{"name":"crossbeam-deque","settings":{"patch":"[patch.crates-io]\ncrossbeam = { git = \"https://github.com/risc0/crossbeam\", rev = \"b25eb50f8c193f36dacb6739692261ea96827bb7\" }\ncrossbeam-utils = { git = \"https://github.com/risc0/crossbeam\", rev = \"b25eb50f8c193f36dacb6739692261ea96827bb7\" }\ncrossbeam-channel = { git = \"https://github.com/risc0/crossbeam\", rev = \"b25eb50f8c193f36dacb6739692261ea96827bb7\" }\n"},"status":"Success","custom_profile":true,"version":"0.8.5"},{"name":"crossbeam-epoch","settings":{"patch":"[patch.crates-io]\ncrossbeam = { git = \"https://github.com/risc0/crossbeam\", rev = \"b25eb50f8c193f36dacb6739692261ea96827bb7\" }\ncrossbeam-utils = { git = \"https://github.com/risc0/crossbeam\", rev = \"b25eb50f8c193f36dacb6739692261ea96827bb7\" }\ncrossbeam-channel = { git = \"https://github.com/risc0/crossbeam\", rev = \"b25eb50f8c193f36dacb6739692261ea96827bb7\" }\n"},"status":"Success","custom_profile":true,"version":"0.9.18"},{"name":"crossbeam-queue","settings":{"patch":"[patch.crates-io]\ncrossbeam = { git = \"https://github.com/risc0/crossbeam\", rev = \"b25eb50f8c193f36dacb6739692261ea96827bb7\" }\ncrossbeam-utils = { git = \"https://github.com/risc0/crossbeam\", rev = \"b25eb50f8c193f36dacb6739692261ea96827bb7\" }\ncrossbeam-channel = { git = \"https://github.com/risc0/crossbeam\", rev = \"b25eb50f8c193f36dacb6739692261ea96827bb7\" }\n"},"status":"Success","custom_profile":true,"version":"0.3.11"},{"name":"crypto-bigint","settings":{"std":true},"status":"Success","custom_profile":true,"version":"0.5.5"},{"name":"csv","settings":{"std":true},"status":"Success","custom_profile":true,"version":"1.3.0"},{"name":"env_logger","settings":{"std":true},"status":"BuildFail","custom_profile":true,"version":"0.11.2","build_errors":"method_name: Starting build for riscv32im-risc0-zkvm-elf\nmethod_name:     Updating crates.io index\nmethod_name: error: package `env_filter v0.1.0` cannot be built because it requires rustc 1.71 or newer, while the currently active rustc version is 1.70.0-dev\nmethod_name: Either upgrade to rustc 1.71 or newer, or use\nmethod_name: cargo update env_filter@0.1.0 --precise ver\nmethod_name: where `ver` is the latest version of `env_filter` supporting rustc 1.70.0-dev\n"},{"name":"ethers-core","settings":{"std":true},"status":"Success","custom_profile":true,"version":"2.0.13"},{"name":"h2","settings":{"std":true},"status":"Success","custom_profile":true,"version":"0.4.2"},{"name":"hashbrown","settings":{},"status":"BuildFail","custom_profile":false,"version":"0.14.3","build_errors":"method_name: Starting build for riscv32im-risc0-zkvm-elf\nmethod_name:     Updating crates.io index\nmethod_name:  Downloading crates ...\nmethod_name:   Downloaded allocator-api2 v0.2.16\nmethod_name:    Compiling ahash v0.8.11\nmethod_name:    Compiling zerocopy v0.7.32\nmethod_name:    Compiling once_cell v1.19.0\nmethod_name:    Compiling allocator-api2 v0.2.16\nmethod_name: error[E0658]: use of unstable library feature 'build_hasher_simple_hash_one'\nmethod_name:    --> /home/ubuntu/.cargo/registry/src/index.crates.io-6f17d22bba15001f/ahash-0.8.11/src/random_state.rs:463:5\nmethod_name:     |\nmethod_name: 463 | /     fn hash_one<T: Hash>(&self, x: T) -> u64 {\nmethod_name: 464 | |         RandomState::hash_one(self, x)\nmethod_name: 465 | |     }\nmethod_name:     | |_____^\nmethod_name:     |\nmethod_name:     = note: see issue #86161 <https://github.com/rust-lang/rust/issues/86161> for more information\nmethod_name:     = help: add `#![feature(build_hasher_simple_hash_one)]` to the crate attributes to enable\nmethod_name: \nmethod_name: For more information about this error, try `rustc --explain E0658`.\nmethod_name: error: could not compile `ahash` (lib) due to 1 previous error\nmethod_name: warning: build failed, waiting for other jobs to finish...\n"},{"name":"headers","settings":{"std":true},"status":"Success","custom_profile":true,"version":"0.4.0"},{"name":"hex","settings":{"std":true},"status":"Success","custom_profile":true,"version":"0.4.3"},{"name":"hex-literal","settings":{},"status":"Success","custom_profile":false,"version":"0.4.1"},{"name":"hyper","settings":{"std":true},"status":"Success","custom_profile":true,"version":"1.2.0"},{"name":"hyper-timeout","settings":{"std":true},"status":"BuildFail","custom_profile":true,"version":"0.5.1","build_errors":"method_name: Starting build for riscv32im-risc0-zkvm-elf\nmethod_name:     Updating crates.io index\nmethod_name:  Downloading crates ...\nmethod_name:   Downloaded hyper-timeout v0.5.1\nmethod_name:    Compiling httparse v1.8.0\nmethod_name:    Compiling futures-task v0.3.30\nmethod_name:    Compiling try-lock v0.2.5\nmethod_name:    Compiling tower-service v0.3.2\nmethod_name:    Compiling tower-layer v0.3.2\nmethod_name:    Compiling smallvec v1.13.1\nmethod_name:    Compiling tokio v1.36.0\nmethod_name:    Compiling futures-channel v0.3.30\nmethod_name:    Compiling pin-project-internal v1.1.4\nmethod_name:    Compiling want v0.3.1\nmethod_name:    Compiling futures-util v0.3.30\nmethod_name:    Compiling pin-project v1.1.4\nmethod_name:    Compiling tower v0.4.13\nmethod_name:    Compiling hyper v1.2.0\nmethod_name:    Compiling hyper-util v0.1.3\nmethod_name:    Compiling hyper-timeout v0.5.1\nmethod_name: error[E0432]: unresolved import `tokio::time`\nmethod_name:  --> /home/ubuntu/.cargo/registry/src/index.crates.io-6f17d22bba15001f/hyper-timeout-0.5.1/src/lib.rs:8:12\nmethod_name:   |\nmethod_name: 8 | use tokio::time::timeout;\nmethod_name:   |            ^^^^ could not find `time` in `tokio`\nmethod_name: \nmethod_name: error[E0432]: unresolved import `tokio::time`\nmethod_name:   --> /home/ubuntu/.cargo/registry/src/index.crates.io-6f17d22bba15001f/hyper-timeout-0.5.1/src/stream.rs:18:12\nmethod_name:    |\nmethod_name: 18 | use tokio::time::{sleep_until, Instant, Sleep};\nmethod_name:    |            ^^^^ could not find `time` in `tokio`\nmethod_name: \nmethod_name: For more information about this error, try `rustc --explain E0432`.\nmethod_name: error: could not compile `hyper-timeout` (lib) due to 2 previous errors\nmethod_name: warning: build failed, waiting for other jobs to finish...\n"},{"name":"k256","settings":{"std":true},"status":"Success","custom_profile":true,"version":"0.13.3"},{"name":"lazy_static","settings":{"run-prover":true,"std":true,"import-str":"use lazy_static::lazy_static;\nlazy_static! {\n  static ref EXAMPLE: u8 = 42;\n}\n","custom-main":"assert_eq!(*EXAMPLE, 42);"},"status":"RunFail","custom_profile":true,"version":"1.1.1"},{"name":"md-5","settings":{"std":true},"status":"Success","custom_profile":true,"version":"0.10.6"},{"name":"miow","settings":{"skip":true},"status":"Skipped","custom_profile":true,"version":null},{"name":"multimap","settings":{"std":true},"status":"Success","custom_profile":true,"version":"0.10.0"},{"name":"once_cell","settings":{},"status":"Success","custom_profile":false,"version":"1.19.0"},{"name":"openssl","settings":{"std":true},"status":"BuildFail","custom_profile":true,"version":"0.10.64","build_errors":"method_name: Starting build for riscv32im-risc0-zkvm-elf\nmethod_name:     Updating crates.io index\nmethod_name:    Compiling vcpkg v0.2.15\nmethod_name:    Compiling pkg-config v0.3.30\nmethod_name:    Compiling cc v1.0.89\nmethod_name:    Compiling libc v0.2.153\nmethod_name:    Compiling foreign-types-shared v0.1.1\nmethod_name:    Compiling openssl v0.10.64\nmethod_name:    Compiling bitflags v2.4.2\nmethod_name:    Compiling openssl-macros v0.1.1\nmethod_name:    Compiling foreign-types v0.3.2\nmethod_name:    Compiling openssl-sys v0.9.101\nmethod_name: error: failed to run custom build command for `openssl-sys v0.9.101`\nmethod_name: \nmethod_name: Caused by:\nmethod_name:   process didn't exit successfully: `/tmp/.tmpiCxVRt/template_project/target/riscv-guest/release/build/openssl-sys-7258146b7ffa698b/build-script-main` (exit status: 101)\nmethod_name:   --- stdout\nmethod_name:   cargo:rerun-if-env-changed=RISCV32IM_RISC0_ZKVM_ELF_OPENSSL_LIB_DIR\nmethod_name:   RISCV32IM_RISC0_ZKVM_ELF_OPENSSL_LIB_DIR unset\nmethod_name:   cargo:rerun-if-env-changed=OPENSSL_LIB_DIR\nmethod_name:   OPENSSL_LIB_DIR unset\nmethod_name:   cargo:rerun-if-env-changed=RISCV32IM_RISC0_ZKVM_ELF_OPENSSL_INCLUDE_DIR\nmethod_name:   RISCV32IM_RISC0_ZKVM_ELF_OPENSSL_INCLUDE_DIR unset\nmethod_name:   cargo:rerun-if-env-changed=OPENSSL_INCLUDE_DIR\nmethod_name:   OPENSSL_INCLUDE_DIR unset\nmethod_name:   cargo:rerun-if-env-changed=RISCV32IM_RISC0_ZKVM_ELF_OPENSSL_DIR\nmethod_name:   RISCV32IM_RISC0_ZKVM_ELF_OPENSSL_DIR unset\nmethod_name:   cargo:rerun-if-env-changed=OPENSSL_DIR\nmethod_name:   OPENSSL_DIR unset\nmethod_name:   cargo:rerun-if-env-changed=OPENSSL_NO_PKG_CONFIG\nmethod_name:   cargo:rerun-if-env-changed=PKG_CONFIG_ALLOW_CROSS_riscv32im-risc0-zkvm-elf\nmethod_name:   cargo:rerun-if-env-changed=PKG_CONFIG_ALLOW_CROSS_riscv32im_risc0_zkvm_elf\nmethod_name:   cargo:rerun-if-env-changed=TARGET_PKG_CONFIG_ALLOW_CROSS\nmethod_name:   cargo:rerun-if-env-changed=PKG_CONFIG_ALLOW_CROSS\nmethod_name:   cargo:rerun-if-env-changed=PKG_CONFIG_riscv32im-risc0-zkvm-elf\nmethod_name:   cargo:rerun-if-env-changed=PKG_CONFIG_riscv32im_risc0_zkvm_elf\nmethod_name:   cargo:rerun-if-env-changed=TARGET_PKG_CONFIG\nmethod_name:   cargo:rerun-if-env-changed=PKG_CONFIG\nmethod_name:   cargo:rerun-if-env-changed=PKG_CONFIG_SYSROOT_DIR_riscv32im-risc0-zkvm-elf\nmethod_name:   cargo:rerun-if-env-changed=PKG_CONFIG_SYSROOT_DIR_riscv32im_risc0_zkvm_elf\nmethod_name:   cargo:rerun-if-env-changed=TARGET_PKG_CONFIG_SYSROOT_DIR\nmethod_name:   cargo:rerun-if-env-changed=PKG_CONFIG_SYSROOT_DIR\nmethod_name:   run pkg_config fail: pkg-config has not been configured to support cross-compilation.\nmethod_name: \nmethod_name:   Install a sysroot for the target platform and configure it via\nmethod_name:   PKG_CONFIG_SYSROOT_DIR and PKG_CONFIG_PATH, or install a\nmethod_name:   cross-compiling wrapper for pkg-config and set it via\nmethod_name:   PKG_CONFIG environment variable.\nmethod_name: \nmethod_name:   --- stderr\nmethod_name:   thread 'main' panicked at '\nmethod_name: \nmethod_name:   Could not find directory of OpenSSL installation, and this `-sys` crate cannot\nmethod_name:   proceed without this knowledge. If OpenSSL is installed and this crate had\nmethod_name:   trouble finding it,  you can set the `OPENSSL_DIR` environment variable for the\nmethod_name:   compilation process.\nmethod_name: \nmethod_name:   Make sure you also have the development packages of openssl installed.\nmethod_name:   For example, `libssl-dev` on Ubuntu or `openssl-devel` on Fedora.\nmethod_name: \nmethod_name:   If you're in a situation where you think the directory *should* be found\nmethod_name:   automatically, please open a bug at https://github.com/sfackler/rust-openssl\nmethod_name:   and include information about your system as well as this message.\nmethod_name: \nmethod_name:   $HOST = x86_64-unknown-linux-gnu\nmethod_name:   $TARGET = riscv32im-risc0-zkvm-elf\nmethod_name:   openssl-sys = 0.9.101\nmethod_name: \nmethod_name:   ', /home/ubuntu/.cargo/registry/src/index.crates.io-6f17d22bba15001f/openssl-sys-0.9.101/build/find_normal.rs:190:5\nmethod_name:   note: run with `RUST_BACKTRACE=1` environment variable to display a backtrace\n"},{"name":"rand","settings":{"std":true},"status":"Success","custom_profile":true,"version":"0.8.5"},{"name":"rayon","settings":{"patch":"[patch.crates-io]\ncrossbeam = { git = \"https://github.com/risc0/crossbeam\", rev = \"b25eb50f8c193f36dacb6739692261ea96827bb7\" }\ncrossbeam-utils = { git = \"https://github.com/risc0/crossbeam\", rev = \"b25eb50f8c193f36dacb6739692261ea96827bb7\" }\ncrossbeam-channel = { git = \"https://github.com/risc0/crossbeam\", rev = \"b25eb50f8c193f36dacb6739692261ea96827bb7\" }\n"},"status":"Success","custom_profile":true,"version":"1.9.0"},{"name":"rayon-core","settings":{"patch":"[patch.crates-io]\ncrossbeam = { git = \"https://github.com/risc0/crossbeam\", rev = \"b25eb50f8c193f36dacb6739692261ea96827bb7\" }\ncrossbeam-utils = { git = \"https://github.com/risc0/crossbeam\", rev = \"b25eb50f8c193f36dacb6739692261ea96827bb7\" }\ncrossbeam-channel = { git = \"https://github.com/risc0/crossbeam\", rev = \"b25eb50f8c193f36dacb6739692261ea96827bb7\" }\n"},"status":"Success","custom_profile":true,"version":"1.12.1"},{"name":"redox_syscall","settings":{"skip":true},"status":"Skipped","custom_profile":true,"version":null},{"name":"redox_users","settings":{"patch":"[patch.crates-io]\ncrossbeam = { git = \"https://github.com/risc0/crossbeam\", rev = \"b25eb50f8c193f36dacb6739692261ea96827bb7\" }\ncrossbeam-utils = { git = \"https://github.com/risc0/crossbeam\", rev = \"b25eb50f8c193f36dacb6739692261ea96827bb7\" }\ncrossbeam-channel = { git = \"https://github.com/risc0/crossbeam\", rev = \"b25eb50f8c193f36dacb6739692261ea96827bb7\" }\n"},"status":"BuildFail","custom_profile":true,"version":"0.4.4","build_errors":"method_name: Starting build for riscv32im-risc0-zkvm-elf\nmethod_name:     Updating crates.io index\nmethod_name: warning: Patch `crossbeam v0.8.2 (https://github.com/risc0/crossbeam?rev=b25eb50f8c193f36dacb6739692261ea96827bb7#b25eb50f)` was not used in the crate graph.\nmethod_name: Patch `crossbeam-channel v0.5.6 (https://github.com/risc0/crossbeam?rev=b25eb50f8c193f36dacb6739692261ea96827bb7#b25eb50f)` was not used in the crate graph.\nmethod_name: Patch `crossbeam-utils v0.8.14 (https://github.com/risc0/crossbeam?rev=b25eb50f8c193f36dacb6739692261ea96827bb7#b25eb50f)` was not used in the crate graph.\nmethod_name: Check that the patched package version and available features are compatible\nmethod_name: with the dependency requirements. If the patch has a different version from\nmethod_name: what is locked in the Cargo.lock file, run `cargo update` to use the new\nmethod_name: version. This may also occur with an optional dependency that is not enabled.\nmethod_name:  Downloading crates ...\nmethod_name:   Downloaded arrayref v0.3.7\nmethod_name:   Downloaded redox_users v0.4.4\nmethod_name:   Downloaded libredox v0.0.1\nmethod_name:   Downloaded rust-argon2 v0.8.3\nmethod_name:   Downloaded redox_syscall v0.4.1\nmethod_name:   Downloaded arrayvec v0.5.2\nmethod_name:   Downloaded blake2b_simd v0.5.11\nmethod_name:    Compiling bitflags v1.3.2\nmethod_name:    Compiling constant_time_eq v0.1.5\nmethod_name:    Compiling arrayvec v0.5.2\nmethod_name:    Compiling arrayref v0.3.7\nmethod_name:    Compiling base64 v0.13.1\nmethod_name:    Compiling zeroize_derive v1.4.2\nmethod_name:    Compiling serde v1.0.197\nmethod_name:    Compiling tracing v0.1.40\nmethod_name:    Compiling risc0-core v0.22.0-alpha.1 (/opt/actions-runner/_work/risc0/risc0/risc0/core)\nmethod_name:    Compiling redox_syscall v0.4.1\nmethod_name:    Compiling blake2b_simd v0.5.11\nmethod_name: error[E0425]: cannot find function `physmap_flags` in this scope\nmethod_name:    --> /home/ubuntu/.cargo/registry/src/index.crates.io-6f17d22bba15001f/redox_syscall-0.4.1/src/io/dma.rs:110:69\nmethod_name:     |\nmethod_name: 110 |         let virt = unsafe { crate::physmap(phys.address, phys.size, physmap_flags())? } as *mut MaybeUninit<T>;\nmethod_name:     |                                                                     ^^^^^^^^^^^^^ not found in this scope\nmethod_name: \nmethod_name: error[E0425]: cannot find function `physmap_flags` in this scope\nmethod_name:    --> /home/ubuntu/.cargo/registry/src/index.crates.io-6f17d22bba15001f/redox_syscall-0.4.1/src/io/dma.rs:171:94\nmethod_name:     |\nmethod_name: 171 | ...   virt: unsafe { slice::from_raw_parts_mut(crate::physmap(phys.address, phys.size, physmap_flags())? as *mut MaybeUninit<T>, len) } a...\nmethod_name:     |                                                                                        ^^^^^^^^^^^^^ not found in this scope\nmethod_name: \nmethod_name: For more information about this error, try `rustc --explain E0425`.\nmethod_name: error: could not compile `redox_syscall` (lib) due to 2 previous errors\nmethod_name: warning: build failed, waiting for other jobs to finish...\n"},{"name":"revm","settings":{"std":true},"status":"BuildFail","custom_profile":true,"version":"6.1.0","build_errors":"method_name: Starting build for riscv32im-risc0-zkvm-elf\nmethod_name:     Updating crates.io index\nmethod_name:  Downloading crates ...\nmethod_name:   Downloaded num v0.4.1\nmethod_name:   Downloaded num-iter v0.1.44\nmethod_name:   Downloaded num-rational v0.4.1\nmethod_name:   Downloaded enumn v0.1.13\nmethod_name:   Downloaded threadpool v1.8.1\nmethod_name:   Downloaded aurora-engine-modexp v1.0.0\nmethod_name:   Downloaded substrate-bn v0.6.0\nmethod_name:   Downloaded revm-interpreter v3.1.0\nmethod_name:   Downloaded revm-precompile v4.1.0\nmethod_name:   Downloaded secp256k1 v0.28.2\nmethod_name:   Downloaded revm v6.1.0\nmethod_name:   Downloaded revm-primitives v2.1.0\nmethod_name:   Downloaded c-kzg v0.4.2\nmethod_name:   Downloaded blst v0.3.11\nmethod_name:   Downloaded secp256k1-sys v0.9.2\nmethod_name:    Compiling radium v0.7.0\nmethod_name:    Compiling tap v1.0.1\nmethod_name:    Compiling funty v2.0.0\nmethod_name:    Compiling spin v0.5.2\nmethod_name:    Compiling num-traits v0.2.18\nmethod_name:    Compiling blst v0.3.11\nmethod_name:    Compiling num-bigint v0.4.4\nmethod_name:    Compiling num-rational v0.4.1\nmethod_name:    Compiling c-kzg v0.4.2\nmethod_name:    Compiling alloy-rlp v0.3.4\nmethod_name:    Compiling secp256k1-sys v0.9.2\nmethod_name:    Compiling rustc-hex v2.1.0\nmethod_name:    Compiling byteorder v1.5.0\nmethod_name:    Compiling num_cpus v1.16.0\nmethod_name:    Compiling ahash v0.8.11\nmethod_name:    Compiling rand v0.8.5\nmethod_name:    Compiling enumn v0.1.13\nmethod_name:    Compiling zeroize v1.7.0\nmethod_name:    Compiling serde v1.0.197\nmethod_name:    Compiling threadpool v1.8.1\nmethod_name:    Compiling wyz v0.5.1\nmethod_name: error[E0658]: use of unstable library feature 'build_hasher_simple_hash_one'\nmethod_name:    --> /home/ubuntu/.cargo/registry/src/index.crates.io-6f17d22bba15001f/ahash-0.8.11/src/random_state.rs:463:5\nmethod_name:     |\nmethod_name: 463 | /     fn hash_one<T: Hash>(&self, x: T) -> u64 {\nmethod_name: 464 | |         RandomState::hash_one(self, x)\nmethod_name: 465 | |     }\nmethod_name:     | |_____^\nmethod_name:     |\nmethod_name:     = note: see issue #86161 <https://github.com/rust-lang/rust/issues/86161> for more information\nmethod_name:     = help: add `#![feature(build_hasher_simple_hash_one)]` to the crate attributes to enable\nmethod_name: \nmethod_name:    Compiling lazy_static v1.4.0\nmethod_name:    Compiling generic-array v0.14.7\nmethod_name:    Compiling der v0.7.8\nmethod_name: For more information about this error, try `rustc --explain E0658`.\nmethod_name: error: could not compile `ahash` (lib) due to 1 previous error\nmethod_name: warning: build failed, waiting for other jobs to finish...\n"},{"name":"revm-primitives","settings":{"std":true},"status":"BuildFail","custom_profile":true,"version":"2.1.0","build_errors":"method_name: Starting build for riscv32im-risc0-zkvm-elf\nmethod_name:    Compiling c-kzg v0.4.2\nmethod_name:    Compiling blst v0.3.11\nmethod_name:    Compiling radium v0.7.0\nmethod_name:    Compiling ruint v1.12.0\nmethod_name:    Compiling ahash v0.8.11\nmethod_name:    Compiling risc0-zkvm-platform v0.22.0-alpha.1 (/opt/actions-runner/_work/risc0/risc0/risc0/zkvm/platform)\nmethod_name: The following warnings were emitted during compilation:\nmethod_name: \nmethod_name: warning: blst@0.3.11: Compiler version doesn't include clang or GCC: \"cc\" \"--version\"\nmethod_name: warning: blst@0.3.11: Compiler version doesn't include clang or GCC: \"cc\" \"--version\"\nmethod_name: warning: blst@0.3.11: Compiler version doesn't include clang or GCC: \"cc\" \"--version\"\nmethod_name: warning: blst@0.3.11: Compiler version doesn't include clang or GCC: \"cc\" \"--version\"\nmethod_name: warning: blst@0.3.11: Compiler version doesn't include clang or GCC: \"cc\" \"--version\"\nmethod_name: warning: blst@0.3.11: cc: error: unrecognized argument in option ‘-mabi=ilp32’\nmethod_name: warning: blst@0.3.11: cc: note: valid arguments to ‘-mabi=’ are: ms sysv\nmethod_name: \nmethod_name: error: failed to run custom build command for `blst v0.3.11`\nmethod_name: \nmethod_name: Caused by:\nmethod_name:   process didn't exit successfully: `/tmp/.tmpiCxVRt/template_project/target/riscv-guest/release/build/blst-4e655e5f44d22278/build-script-build` (exit status: 1)\nmethod_name:   --- stdout\nmethod_name:   cargo:rustc-cfg=feature=\"std\"\nmethod_name:   cargo:rerun-if-env-changed=BLST_TEST_NO_STD\nmethod_name:   Using blst source directory /home/ubuntu/.cargo/registry/src/index.crates.io-6f17d22bba15001f/blst-0.3.11/blst\nmethod_name:   cargo:rerun-if-changed=/home/ubuntu/.cargo/registry/src/index.crates.io-6f17d22bba15001f/blst-0.3.11/blst/src\nmethod_name:   Compiling in portable mode without ISA extensions\nmethod_name:   TARGET = Some(\"riscv32im-risc0-zkvm-elf\")\nmethod_name:   HOST = Some(\"x86_64-unknown-linux-gnu\")\nmethod_name:   cargo:rerun-if-env-changed=CC_riscv32im-risc0-zkvm-elf\nmethod_name:   CC_riscv32im-risc0-zkvm-elf = None\nmethod_name:   cargo:rerun-if-env-changed=CC_riscv32im_risc0_zkvm_elf\nmethod_name:   CC_riscv32im_risc0_zkvm_elf = None\nmethod_name:   cargo:rerun-if-env-changed=TARGET_CC\nmethod_name:   TARGET_CC = None\nmethod_name:   cargo:rerun-if-env-changed=CC\nmethod_name:   CC = None\nmethod_name:   RUSTC_LINKER = None\nmethod_name:   cargo:rerun-if-env-changed=CROSS_COMPILE\nmethod_name:   CROSS_COMPILE = None\nmethod_name:   cargo:rerun-if-env-changed=CC_ENABLE_DEBUG_OUTPUT\nmethod_name:   cargo:warning=Compiler version doesn't include clang or GCC: \"cc\" \"--version\"\nmethod_name:   cargo:rerun-if-env-changed=CRATE_CC_NO_DEFAULTS\nmethod_name:   CRATE_CC_NO_DEFAULTS = None\nmethod_name:   DEBUG = Some(\"false\")\nmethod_name:   CARGO_CFG_TARGET_FEATURE = Some(\"m\")\nmethod_name:   cargo:rerun-if-env-changed=CFLAGS_riscv32im-risc0-zkvm-elf\nmethod_name:   CFLAGS_riscv32im-risc0-zkvm-elf = None\nmethod_name:   cargo:rerun-if-env-changed=CFLAGS_riscv32im_risc0_zkvm_elf\nmethod_name:   CFLAGS_riscv32im_risc0_zkvm_elf = None\nmethod_name:   cargo:rerun-if-env-changed=TARGET_CFLAGS\nmethod_name:   TARGET_CFLAGS = None\nmethod_name:   cargo:rerun-if-env-changed=CFLAGS\nmethod_name:   CFLAGS = None\nmethod_name:   cargo:rerun-if-env-changed=CC_riscv32im-risc0-zkvm-elf\nmethod_name:   CC_riscv32im-risc0-zkvm-elf = None\nmethod_name:   cargo:rerun-if-env-changed=CC_riscv32im_risc0_zkvm_elf\nmethod_name:   CC_riscv32im_risc0_zkvm_elf = None\nmethod_name:   cargo:rerun-if-env-changed=TARGET_CC\nmethod_name:   TARGET_CC = None\nmethod_name:   cargo:rerun-if-env-changed=CC\nmethod_name:   CC = None\nmethod_name:   RUSTC_LINKER = None\nmethod_name:   cargo:rerun-if-env-changed=CROSS_COMPILE\nmethod_name:   CROSS_COMPILE = None\nmethod_name:   cargo:rerun-if-env-changed=CC_ENABLE_DEBUG_OUTPUT\nmethod_name:   cargo:warning=Compiler version doesn't include clang or GCC: \"cc\" \"--version\"\nmethod_name:   cargo:rerun-if-env-changed=CRATE_CC_NO_DEFAULTS\nmethod_name:   CRATE_CC_NO_DEFAULTS = None\nmethod_name:   CARGO_CFG_TARGET_FEATURE = Some(\"m\")\nmethod_name:   cargo:rerun-if-env-changed=CFLAGS_riscv32im-risc0-zkvm-elf\nmethod_name:   CFLAGS_riscv32im-risc0-zkvm-elf = None\nmethod_name:   cargo:rerun-if-env-changed=CFLAGS_riscv32im_risc0_zkvm_elf\nmethod_name:   CFLAGS_riscv32im_risc0_zkvm_elf = None\nmethod_name:   cargo:rerun-if-env-changed=TARGET_CFLAGS\nmethod_name:   TARGET_CFLAGS = None\nmethod_name:   cargo:rerun-if-env-changed=CFLAGS\nmethod_name:   CFLAGS = None\nmethod_name:   cargo:rerun-if-env-changed=CC_riscv32im-risc0-zkvm-elf\nmethod_name:   CC_riscv32im-risc0-zkvm-elf = None\nmethod_name:   cargo:rerun-if-env-changed=CC_riscv32im_risc0_zkvm_elf\nmethod_name:   CC_riscv32im_risc0_zkvm_elf = None\nmethod_name:   cargo:rerun-if-env-changed=TARGET_CC\nmethod_name:   TARGET_CC = None\nmethod_name:   cargo:rerun-if-env-changed=CC\nmethod_name:   CC = None\nmethod_name:   RUSTC_LINKER = None\nmethod_name:   cargo:rerun-if-env-changed=CROSS_COMPILE\nmethod_name:   CROSS_COMPILE = None\nmethod_name:   cargo:rerun-if-env-changed=CC_ENABLE_DEBUG_OUTPUT\nmethod_name:   cargo:warning=Compiler version doesn't include clang or GCC: \"cc\" \"--version\"\nmethod_name:   cargo:rerun-if-env-changed=CRATE_CC_NO_DEFAULTS\nmethod_name:   CRATE_CC_NO_DEFAULTS = None\nmethod_name:   CARGO_CFG_TARGET_FEATURE = Some(\"m\")\nmethod_name:   cargo:rerun-if-env-changed=CFLAGS_riscv32im-risc0-zkvm-elf\nmethod_name:   CFLAGS_riscv32im-risc0-zkvm-elf = None\nmethod_name:   cargo:rerun-if-env-changed=CFLAGS_riscv32im_risc0_zkvm_elf\nmethod_name:   CFLAGS_riscv32im_risc0_zkvm_elf = None\nmethod_name:   cargo:rerun-if-env-changed=TARGET_CFLAGS\nmethod_name:   TARGET_CFLAGS = None\nmethod_name:   cargo:rerun-if-env-changed=CFLAGS\nmethod_name:   CFLAGS = None\nmethod_name:   cargo:rerun-if-env-changed=CC_riscv32im-risc0-zkvm-elf\nmethod_name:   CC_riscv32im-risc0-zkvm-elf = None\nmethod_name:   cargo:rerun-if-env-changed=CC_riscv32im_risc0_zkvm_elf\nmethod_name:   CC_riscv32im_risc0_zkvm_elf = None\nmethod_name:   cargo:rerun-if-env-changed=TARGET_CC\nmethod_name:   TARGET_CC = None\nmethod_name:   cargo:rerun-if-env-changed=CC\nmethod_name:   CC = None\nmethod_name:   RUSTC_LINKER = None\nmethod_name:   cargo:rerun-if-env-changed=CROSS_COMPILE\nmethod_name:   CROSS_COMPILE = None\nmethod_name:   cargo:rerun-if-env-changed=CC_ENABLE_DEBUG_OUTPUT\nmethod_name:   cargo:warning=Compiler version doesn't include clang or GCC: \"cc\" \"--version\"\nmethod_name:   cargo:rerun-if-env-changed=CRATE_CC_NO_DEFAULTS\nmethod_name:   CRATE_CC_NO_DEFAULTS = None\nmethod_name:   CARGO_CFG_TARGET_FEATURE = Some(\"m\")\nmethod_name:   cargo:rerun-if-env-changed=CFLAGS_riscv32im-risc0-zkvm-elf\nmethod_name:   CFLAGS_riscv32im-risc0-zkvm-elf = None\nmethod_name:   cargo:rerun-if-env-changed=CFLAGS_riscv32im_risc0_zkvm_elf\nmethod_name:   CFLAGS_riscv32im_risc0_zkvm_elf = None\nmethod_name:   cargo:rerun-if-env-changed=TARGET_CFLAGS\nmethod_name:   TARGET_CFLAGS = None\nmethod_name:   cargo:rerun-if-env-changed=CFLAGS\nmethod_name:   CFLAGS = None\nmethod_name:   cargo:rerun-if-env-changed=CC_riscv32im-risc0-zkvm-elf\nmethod_name:   CC_riscv32im-risc0-zkvm-elf = None\nmethod_name:   cargo:rerun-if-env-changed=CC_riscv32im_risc0_zkvm_elf\nmethod_name:   CC_riscv32im_risc0_zkvm_elf = None\nmethod_name:   cargo:rerun-if-env-changed=TARGET_CC\nmethod_name:   TARGET_CC = None\nmethod_name:   cargo:rerun-if-env-changed=CC\nmethod_name:   CC = None\nmethod_name:   RUSTC_LINKER = None\nmethod_name:   cargo:rerun-if-env-changed=CROSS_COMPILE\nmethod_name:   CROSS_COMPILE = None\nmethod_name:   cargo:rerun-if-env-changed=CC_ENABLE_DEBUG_OUTPUT\nmethod_name:   cargo:warning=Compiler version doesn't include clang or GCC: \"cc\" \"--version\"\nmethod_name:   cargo:rerun-if-env-changed=CRATE_CC_NO_DEFAULTS\nmethod_name:   CRATE_CC_NO_DEFAULTS = None\nmethod_name:   CARGO_CFG_TARGET_FEATURE = Some(\"m\")\nmethod_name:   cargo:rerun-if-env-changed=CFLAGS_riscv32im-risc0-zkvm-elf\nmethod_name:   CFLAGS_riscv32im-risc0-zkvm-elf = None\nmethod_name:   cargo:rerun-if-env-changed=CFLAGS_riscv32im_risc0_zkvm_elf\nmethod_name:   CFLAGS_riscv32im_risc0_zkvm_elf = None\nmethod_name:   cargo:rerun-if-env-changed=TARGET_CFLAGS\nmethod_name:   TARGET_CFLAGS = None\nmethod_name:   cargo:rerun-if-env-changed=CFLAGS\nmethod_name:   CFLAGS = None\nmethod_name:   cargo:warning=cc: error: unrecognized argument in option ‘-mabi=ilp32’\nmethod_name:   cargo:warning=cc: note: valid arguments to ‘-mabi=’ are: ms sysv\nmethod_name: \nmethod_name:   --- stderr\nmethod_name: \nmethod_name: \nmethod_name:   error occurred: Command \"cc\" \"-O2\" \"-ffunction-sections\" \"-fdata-sections\" \"-fPIC\" \"-march=rv32im\" \"-mabi=ilp32\" \"-Wall\" \"-Wextra\" \"-D__BLST_NO_ASM__\" \"-D__BLST_PORTABLE__\" \"-o\" \"/tmp/.tmpiCxVRt/template_project/target/riscv-guest/riscv32im-risc0-zkvm-elf/release/build/blst-6e5c47d98bf78eeb/out/ba5c6c4fa559b176-server.o\" \"-c\" \"/home/ubuntu/.cargo/registry/src/index.crates.io-6f17d22bba15001f/blst-0.3.11/blst/src/server.c\" with args \"cc\" did not execute successfully (status code exit status: 1).\nmethod_name: \nmethod_name: \nmethod_name: warning: build failed, waiting for other jobs to finish...\nmethod_name: error[E0658]: use of unstable library feature 'build_hasher_simple_hash_one'\nmethod_name:    --> /home/ubuntu/.cargo/registry/src/index.crates.io-6f17d22bba15001f/ahash-0.8.11/src/random_state.rs:463:5\nmethod_name:     |\nmethod_name: 463 | /     fn hash_one<T: Hash>(&self, x: T) -> u64 {\nmethod_name: 464 | |         RandomState::hash_one(self, x)\nmethod_name: 465 | |     }\nmethod_name:     | |_____^\nmethod_name:     |\nmethod_name:     = note: see issue #86161 <https://github.com/rust-lang/rust/issues/86161> for more information\nmethod_name:     = help: add `#![feature(build_hasher_simple_hash_one)]` to the crate attributes to enable\nmethod_name: \nmethod_name: For more information about this error, try `rustc --explain E0658`.\nmethod_name: error: could not compile `ahash` (lib) due to 1 previous error\n"},{"name":"ring","settings":{"inject-cc-flags":true},"status":"BuildFail","custom_profile":true,"version":"0.17.8","build_errors":"method_name: Starting build for riscv32im-risc0-zkvm-elf\nmethod_name:     Updating crates.io index\nmethod_name:    Compiling untrusted v0.9.0\nmethod_name:    Compiling ring v0.17.8\nmethod_name: The following warnings were emitted during compilation:\nmethod_name: \nmethod_name: warning: ring@0.17.8: In file included from crypto/curve25519/curve25519.c:22:\nmethod_name: warning: ring@0.17.8: In file included from include/ring-core/mem.h:60:\nmethod_name: warning: ring@0.17.8: In file included from include/ring-core/base.h:74:\nmethod_name: warning: ring@0.17.8: include/ring-core/target.h:64:2: error: \"Unknown target CPU\"\nmethod_name: warning: ring@0.17.8: #error \"Unknown target CPU\"\nmethod_name: warning: ring@0.17.8:  ^\nmethod_name: warning: ring@0.17.8: In file included from crypto/curve25519/curve25519.c:24:\nmethod_name: warning: ring@0.17.8: In file included from crypto/curve25519/internal.h:20:\nmethod_name: warning: ring@0.17.8: In file included from crypto/curve25519/../internal.h:115:\nmethod_name: warning: ring@0.17.8: include/ring-core/check.h:27:11: fatal error: 'assert.h' file not found\nmethod_name: warning: ring@0.17.8: # include <assert.h>\nmethod_name: warning: ring@0.17.8:           ^~~~~~~~~~\nmethod_name: warning: ring@0.17.8: 2 errors generated.\nmethod_name: \nmethod_name: error: failed to run custom build command for `ring v0.17.8`\nmethod_name: \nmethod_name: Caused by:\nmethod_name:   process didn't exit successfully: `/tmp/.tmpiCxVRt/template_project/target/riscv-guest/release/build/ring-889fa5f3c23012a9/build-script-build` (exit status: 1)\nmethod_name:   --- stdout\nmethod_name:   cargo:rerun-if-env-changed=RING_PREGENERATE_ASM\nmethod_name:   cargo:rustc-env=RING_CORE_PREFIX=ring_core_0_17_8_\nmethod_name:   OPT_LEVEL = Some(\"3\")\nmethod_name:   TARGET = Some(\"riscv32im-risc0-zkvm-elf\")\nmethod_name:   HOST = Some(\"x86_64-unknown-linux-gnu\")\nmethod_name:   cargo:rerun-if-env-changed=CC_riscv32im-risc0-zkvm-elf\nmethod_name:   CC_riscv32im-risc0-zkvm-elf = None\nmethod_name:   cargo:rerun-if-env-changed=CC_riscv32im_risc0_zkvm_elf\nmethod_name:   CC_riscv32im_risc0_zkvm_elf = None\nmethod_name:   cargo:rerun-if-env-changed=TARGET_CC\nmethod_name:   TARGET_CC = None\nmethod_name:   cargo:rerun-if-env-changed=CC\nmethod_name:   CC = Some(\"clang\")\nmethod_name:   cargo:rerun-if-env-changed=CRATE_CC_NO_DEFAULTS\nmethod_name:   CRATE_CC_NO_DEFAULTS = None\nmethod_name:   DEBUG = Some(\"false\")\nmethod_name:   cargo:rerun-if-env-changed=CFLAGS_riscv32im-risc0-zkvm-elf\nmethod_name:   CFLAGS_riscv32im-risc0-zkvm-elf = None\nmethod_name:   cargo:rerun-if-env-changed=CFLAGS_riscv32im_risc0_zkvm_elf\nmethod_name:   CFLAGS_riscv32im_risc0_zkvm_elf = Some(\"-target riscv32-unknown-elf\")\nmethod_name:   cargo:warning=In file included from crypto/curve25519/curve25519.c:22:\nmethod_name:   cargo:warning=In file included from include/ring-core/mem.h:60:\nmethod_name:   cargo:warning=In file included from include/ring-core/base.h:74:\nmethod_name:   cargo:warning=include/ring-core/target.h:64:2: error: \"Unknown target CPU\"\nmethod_name:   cargo:warning=#error \"Unknown target CPU\"\nmethod_name:   cargo:warning= ^\nmethod_name:   cargo:warning=In file included from crypto/curve25519/curve25519.c:24:\nmethod_name:   cargo:warning=In file included from crypto/curve25519/internal.h:20:\nmethod_name:   cargo:warning=In file included from crypto/curve25519/../internal.h:115:\nmethod_name:   cargo:warning=include/ring-core/check.h:27:11: fatal error: 'assert.h' file not found\nmethod_name:   cargo:warning=# include <assert.h>\nmethod_name:   cargo:warning=          ^~~~~~~~~~\nmethod_name:   cargo:warning=2 errors generated.\nmethod_name: \nmethod_name:   --- stderr\nmethod_name: \nmethod_name: \nmethod_name:   error occurred: Command \"clang\" \"-O3\" \"-ffunction-sections\" \"-fdata-sections\" \"-fPIC\" \"--target=riscv32im-risc0-zkvm-elf\" \"-target\" \"riscv32-unknown-elf\" \"-I\" \"include\" \"-I\" \"/tmp/.tmpiCxVRt/template_project/target/riscv-guest/riscv32im-risc0-zkvm-elf/release/build/ring-e55416386025dca6/out\" \"-fvisibility=hidden\" \"-std=c1x\" \"-Wall\" \"-Wbad-function-cast\" \"-Wcast-align\" \"-Wcast-qual\" \"-Wconversion\" \"-Wmissing-field-initializers\" \"-Wmissing-include-dirs\" \"-Wnested-externs\" \"-Wredundant-decls\" \"-Wshadow\" \"-Wsign-compare\" \"-Wsign-conversion\" \"-Wstrict-prototypes\" \"-Wundef\" \"-Wuninitialized\" \"-g3\" \"-DNDEBUG\" \"-o\" \"/tmp/.tmpiCxVRt/template_project/target/riscv-guest/riscv32im-risc0-zkvm-elf/release/build/ring-e55416386025dca6/out/fad98b632b8ce3cc-curve25519.o\" \"-c\" \"crypto/curve25519/curve25519.c\" with args \"clang\" did not execute successfully (status code exit status: 1).\nmethod_name: \nmethod_name: \n"},{"name":"rlp","settings":{},"status":"Success","custom_profile":false,"version":"0.5.2"},{"name":"ruint","settings":{},"status":"Success","custom_profile":false,"version":"1.12.0"},{"name":"serde","settings":{"std":true},"status":"Success","custom_profile":true,"version":"1.0.197"},{"name":"serde_bytes","settings":{"std":true},"status":"Success","custom_profile":true,"version":"0.11.14"},{"name":"serde_cbor","settings":{"std":true},"status":"Success","custom_profile":true,"version":"0.11.2"},{"name":"serde_json","settings":{"std":true},"status":"Success","custom_profile":true,"version":"1.0.114"},{"name":"serde_urlencoded","settings":{"std":true},"status":"Success","custom_profile":true,"version":"0.7.1"},{"name":"serde_with","settings":{"std":true},"status":"Success","custom_profile":true,"version":"3.6.1"},{"name":"serde_yaml","settings":{"std":true},"status":"Success","custom_profile":true,"version":"0.9.32"},{"name":"sha-1","settings":{"std":true},"status":"Success","custom_profile":true,"version":"0.10.1"},{"name":"sha1","settings":{"std":true},"status":"Success","custom_profile":true,"version":"0.10.6"},{"name":"sha2","settings":{"std":true},"status":"Success","custom_profile":true,"version":"0.10.8"},{"name":"sha3","settings":{"std":true},"status":"Success","custom_profile":true,"version":"0.10.8"},{"name":"string_cache","settings":{"std":true},"status":"Success","custom_profile":true,"version":"0.8.7"},{"name":"syn","settings":{},"status":"Success","custom_profile":false,"version":"2.0.52"},{"name":"tfhe","settings":{"std":true},"status":"BuildFail","custom_profile":true,"version":"0.4.4","build_errors":"method_name: Starting build for riscv32im-risc0-zkvm-elf\nmethod_name:     Updating crates.io index\nmethod_name:  Downloading crates ...\nmethod_name:   Downloaded reborrow v0.5.5\nmethod_name:   Downloaded aligned-vec v0.5.0\nmethod_name:   Downloaded dyn-stack v0.9.1\nmethod_name:   Downloaded pulp v0.18.8\nmethod_name:   Downloaded concrete-fft v0.4.1\nmethod_name:   Downloaded concrete-csprng v0.4.0\nmethod_name:   Downloaded tfhe v0.4.4\nmethod_name: error: package `concrete-csprng v0.4.0` cannot be built because it requires rustc 1.72 or newer, while the currently active rustc version is 1.70.0-dev\nmethod_name: Either upgrade to rustc 1.72 or newer, or use\nmethod_name: cargo update concrete-csprng@0.4.0 --precise ver\nmethod_name: where `ver` is the latest version of `concrete-csprng` supporting rustc 1.70.0-dev\n"},{"name":"thiserror","settings":{},"status":"Success","custom_profile":false,"version":"1.0.57"},{"name":"tinytemplate","settings":{"std":true},"status":"Success","custom_profile":true,"version":"1.2.1"},{"name":"toml","settings":{"std":true},"status":"Success","custom_profile":true,"version":"0.8.10"},{"name":"tower","settings":{"std":true},"status":"Success","custom_profile":true,"version":"0.4.13"},{"name":"tracing","settings":{"std":true},"status":"Success","custom_profile":true,"version":"0.1.40"},{"name":"tracing-core","settings":{"std":true},"status":"Success","custom_profile":true,"version":"0.1.32"},{"name":"tracing-futures","settings":{"std":true},"status":"Success","custom_profile":true,"version":"0.2.5"},{"name":"tracing-log","settings":{"std":true},"status":"Success","custom_profile":true,"version":"0.2.0"},{"name":"tracing-serde","settings":{"std":true},"status":"Success","custom_profile":true,"version":"0.1.3"},{"name":"tracing-subscriber","settings":{"std":true},"status":"Success","custom_profile":true,"version":"0.3.18"},{"name":"tungstenite","settings":{"std":true},"status":"Success","custom_profile":true,"version":"0.21.0"},{"name":"vsdb","settings":{"patch":"[patch.crates-io]\ncrossbeam = { git = \"https://github.com/risc0/crossbeam\", rev = \"b25eb50f8c193f36dacb6739692261ea96827bb7\" }\ncrossbeam-utils = { git = \"https://github.com/risc0/crossbeam\", rev = \"b25eb50f8c193f36dacb6739692261ea96827bb7\" }\ncrossbeam-channel = { git = \"https://github.com/risc0/crossbeam\", rev = \"b25eb50f8c193f36dacb6739692261ea96827bb7\" }\n"},"status":"BuildFail","custom_profile":true,"version":"0.62.0","build_errors":"method_name: Starting build for riscv32im-risc0-zkvm-elf\nmethod_name:     Updating git repository `https://github.com/risc0/crossbeam`\nmethod_name:     Updating crates.io index\nmethod_name: warning: Patch `crossbeam v0.8.2 (https://github.com/risc0/crossbeam?rev=b25eb50f8c193f36dacb6739692261ea96827bb7#b25eb50f)` was not used in the crate graph.\nmethod_name: Patch `crossbeam-channel v0.5.6 (https://github.com/risc0/crossbeam?rev=b25eb50f8c193f36dacb6739692261ea96827bb7#b25eb50f)` was not used in the crate graph.\nmethod_name: Patch `crossbeam-utils v0.8.14 (https://github.com/risc0/crossbeam?rev=b25eb50f8c193f36dacb6739692261ea96827bb7#b25eb50f)` was not used in the crate graph.\nmethod_name: Check that the patched package version and available features are compatible\nmethod_name: with the dependency requirements. If the patch has a different version from\nmethod_name: what is locked in the Cargo.lock file, run `cargo update` to use the new\nmethod_name: version. This may also occur with an optional dependency that is not enabled.\nmethod_name:  Downloading crates ...\nmethod_name:   Downloaded nom v7.1.3\nmethod_name:   Downloaded rmp v0.8.12\nmethod_name:   Downloaded rustc-hash v1.1.0\nmethod_name:   Downloaded rocksdb v0.22.0\nmethod_name:   Downloaded rmp-serde v1.1.2\nmethod_name:   Downloaded libloading v0.8.2\nmethod_name:   Downloaded bindgen v0.69.4\nmethod_name:   Downloaded clang-sys v1.7.0\nmethod_name:   Downloaded minimal-lexical v0.2.1\nmethod_name:   Downloaded vsdb_core v0.62.1\nmethod_name:   Downloaded cexpr v0.6.0\nmethod_name:   Downloaded librocksdb-sys v0.16.0+8.10.0\nmethod_name:   Downloaded lazycell v1.3.0\nmethod_name:   Downloaded vsdb v0.62.0\nmethod_name:   Downloaded platforms v3.1.1\nmethod_name:   Downloaded ruc v5.1.2\nmethod_name:    Compiling glob v0.3.1\nmethod_name:    Compiling memchr v2.7.1\nmethod_name:    Compiling regex-syntax v0.8.2\nmethod_name:    Compiling minimal-lexical v0.2.1\nmethod_name:    Compiling cfg-if v1.0.0\nmethod_name:    Compiling either v1.10.0\nmethod_name:    Compiling bindgen v0.69.4\nmethod_name:    Compiling lazycell v1.3.0\nmethod_name:    Compiling lazy_static v1.4.0\nmethod_name:    Compiling bitflags v2.4.2\nmethod_name:    Compiling rustc-hash v1.1.0\nmethod_name:    Compiling shlex v1.3.0\nmethod_name:    Compiling powerfmt v0.2.0\nmethod_name:    Compiling time-core v0.1.2\nmethod_name:    Compiling libc v0.2.153\nmethod_name:    Compiling num-traits v0.2.18\nmethod_name:    Compiling num-conv v0.1.0\nmethod_name:    Compiling platforms v3.1.1\nmethod_name:    Compiling risc0-zkp v0.22.0-alpha.1 (/opt/actions-runner/_work/risc0/risc0/risc0/zkp)\nmethod_name:    Compiling libloading v0.8.2\nmethod_name:    Compiling deranged v0.3.11\nmethod_name:    Compiling itertools v0.10.5\nmethod_name:    Compiling clang-sys v1.7.0\nmethod_name:    Compiling nom v7.1.3\nmethod_name:    Compiling jobserver v0.1.28\nmethod_name:    Compiling risc0-binfmt v0.22.0-alpha.1 (/opt/actions-runner/_work/risc0/risc0/risc0/binfmt)\nmethod_name:    Compiling cc v1.0.89\nmethod_name:    Compiling risc0-zkvm v0.22.0-alpha.1 (/opt/actions-runner/_work/risc0/risc0/risc0/zkvm)\nmethod_name: error[E0152]: found duplicate lang item `panic_impl`\nmethod_name:    --> /opt/actions-runner/_work/risc0/risc0/risc0/zkvm/src/guest/mod.rs:208:1\nmethod_name:     |\nmethod_name: 208 | fn panic_impl(panic_info: &core::panic::PanicInfo) -> ! {\nmethod_name:     | ^^^^^^^^^^^^^^^^^^^^^^^^^^^^^^^^^^^^^^^^^^^^^^^^^^^^^^^\nmethod_name:     |\nmethod_name:     = note: the lang item is first defined in crate `std` (which `serde` depends on)\nmethod_name:     = note: first definition in `std` loaded from /home/ubuntu/.local/share/cargo-risczero/toolchains/x86_64-unknown-linux-gnu_v2024-01-31.1/rust/lib/rustlib/riscv32im-risc0-zkvm-elf/lib/libstd-80f9e71abd889073.rlib\nmethod_name:     = note: second definition in the local crate (`risc0_zkvm`)\nmethod_name: \nmethod_name: For more information about this error, try `rustc --explain E0152`.\nmethod_name: error: could not compile `risc0-zkvm` (lib) due to 1 previous error\nmethod_name: warning: build failed, waiting for other jobs to finish...\n"},{"name":"vsdbsled","settings":{"patch":"[patch.crates-io]\ncrossbeam = { git = \"https://github.com/risc0/crossbeam\", rev = \"b25eb50f8c193f36dacb6739692261ea96827bb7\" }\ncrossbeam-utils = { git = \"https://github.com/risc0/crossbeam\", rev = \"b25eb50f8c193f36dacb6739692261ea96827bb7\" }\ncrossbeam-channel = { git = \"https://github.com/risc0/crossbeam\", rev = \"b25eb50f8c193f36dacb6739692261ea96827bb7\" }\n"},"status":"BuildFail","custom_profile":true,"version":"0.34.7-patched","build_errors":"method_name: Starting build for riscv32im-risc0-zkvm-elf\nmethod_name:     Updating crates.io index\nmethod_name: error: failed to select a version for the requirement `vsdbsled = \"^0.34.7-patched\"`\nmethod_name: candidate versions found which didn't match: 0.34.7-p1\nmethod_name: location searched: crates.io index\nmethod_name: required by package `method_name v0.1.0 (/tmp/.tmpiCxVRt/template_project/methods/guest)`\nmethod_name: if you are looking for the prerelease package it needs to be specified explicitly\nmethod_name:     vsdbsled = { version = \"0.34.7-p1\" }\nmethod_name: perhaps a crate was updated and forgotten to be re-vendored?\n"},{"name":"windows-sys","settings":{"skip":true},"status":"Skipped","custom_profile":true,"version":null},{"name":"zip","settings":{"inject-cc-flags":true,"std":true},"status":"BuildFail","custom_profile":true,"version":"0.6.6","build_errors":"method_name: Starting build for riscv32im-risc0-zkvm-elf\nmethod_name:     Updating crates.io index\nmethod_name:    Compiling crc32fast v1.4.0\nmethod_name:    Compiling zstd-safe v5.0.2+zstd.1.5.2\nmethod_name:    Compiling base64ct v1.6.0\nmethod_name:    Compiling adler v1.0.2\nmethod_name:    Compiling time v0.3.34\nmethod_name:    Compiling inout v0.1.3\nmethod_name:    Compiling zstd-sys v2.0.9+zstd.1.5.5\nmethod_name:    Compiling bzip2-sys v0.1.11+1.0.8\nmethod_name:    Compiling hmac v0.12.1\nmethod_name:    Compiling sha2 v0.10.8\nmethod_name: error[E0602]: unknown lint: `suspicious_double_ref_op`\nmethod_name:   |\nmethod_name:   = note: requested on the command line with `-D suspicious_double_ref_op`\nmethod_name: \nmethod_name: error[E0602]: unknown lint: `invalid_reference_casting`\nmethod_name:   |\nmethod_name:   = note: requested on the command line with `-D invalid_reference_casting`\nmethod_name: \nmethod_name: error[E0602]: unknown lint: `invalid_nan_comparisons`\nmethod_name:   |\nmethod_name:   = note: requested on the command line with `-D invalid_nan_comparisons`\nmethod_name: \nmethod_name: error[E0602]: unknown lint: `invalid_macro_export_arguments`\nmethod_name:   |\nmethod_name:   = note: requested on the command line with `-D invalid_macro_export_arguments`\nmethod_name: \nmethod_name: error[E0602]: unknown lint: `invalid_from_utf8`\nmethod_name:   |\nmethod_name:   = note: requested on the command line with `-D invalid_from_utf8`\nmethod_name: \nmethod_name: error[E0602]: unknown lint: `hidden_glob_reexports`\nmethod_name:   |\nmethod_name:   = note: requested on the command line with `-D hidden_glob_reexports`\nmethod_name: \nmethod_name:    Compiling miniz_oxide v0.7.2\nmethod_name:    Compiling cipher v0.4.4\nmethod_name:    Compiling password-hash v0.4.2\nmethod_name:    Compiling aes v0.8.4\nmethod_name: For more information about this error, try `rustc --explain E0602`.\nmethod_name: error: could not compile `time` (lib) due to 6 previous errors\nmethod_name: warning: build failed, waiting for other jobs to finish...\nmethod_name: The following warnings were emitted during compilation:\nmethod_name: \nmethod_name: warning: bzip2-sys@0.1.11+1.0.8: In file included from bzip2-1.0.8/blocksort.c:22:\nmethod_name: warning: bzip2-sys@0.1.11+1.0.8: bzip2-1.0.8/bzlib_private.h:25:10: fatal error: 'stdlib.h' file not found\nmethod_name: warning: bzip2-sys@0.1.11+1.0.8: #include <stdlib.h>\nmethod_name: warning: bzip2-sys@0.1.11+1.0.8:          ^~~~~~~~~~\nmethod_name: warning: bzip2-sys@0.1.11+1.0.8: 1 error generated.\nmethod_name: warning: bzip2-sys@0.1.11+1.0.8: ToolExecError: Command \"clang\" \"-O3\" \"-ffunction-sections\" \"-fdata-sections\" \"-fPIC\" \"--target=riscv32im-risc0-zkvm-elf\" \"-target\" \"riscv32-unknown-elf\" \"-I\" \"bzip2-1.0.8\" \"-D_FILE_OFFSET_BITS=64\" \"-DBZ_NO_STDIO\" \"-o\" \"/tmp/.tmpiCxVRt/template_project/target/riscv-guest/riscv32im-risc0-zkvm-elf/release/build/bzip2-sys-9f3831e39c63691e/out/lib/5bb993572ce83733-blocksort.o\" \"-c\" \"bzip2-1.0.8/blocksort.c\" with args \"clang\" did not execute successfully (status code exit status: 1).cargo:warning=In file included from bzip2-1.0.8/huffman.c:22:\nmethod_name: warning: bzip2-sys@0.1.11+1.0.8: bzip2-1.0.8/bzlib_private.h:25:10: fatal error: 'stdlib.h' file not found\nmethod_name: warning: bzip2-sys@0.1.11+1.0.8: #include <stdlib.h>\nmethod_name: warning: bzip2-sys@0.1.11+1.0.8:          ^~~~~~~~~~\nmethod_name: warning: bzip2-sys@0.1.11+1.0.8: 1 error generated.\nmethod_name: warning: bzip2-sys@0.1.11+1.0.8: ToolExecError: Command \"clang\" \"-O3\" \"-ffunction-sections\" \"-fdata-sections\" \"-fPIC\" \"--target=riscv32im-risc0-zkvm-elf\" \"-target\" \"riscv32-unknown-elf\" \"-I\" \"bzip2-1.0.8\" \"-D_FILE_OFFSET_BITS=64\" \"-DBZ_NO_STDIO\" \"-o\" \"/tmp/.tmpiCxVRt/template_project/target/riscv-guest/riscv32im-risc0-zkvm-elf/release/build/bzip2-sys-9f3831e39c63691e/out/lib/5bb993572ce83733-huffman.o\" \"-c\" \"bzip2-1.0.8/huffman.c\" with args \"clang\" did not execute successfully (status code exit status: 1).cargo:warning=In file included from bzip2-1.0.8/bzlib.c:31:\nmethod_name: warning: bzip2-sys@0.1.11+1.0.8: bzip2-1.0.8/bzlib_private.h:25:10: fatal error: 'stdlib.h' file not found\nmethod_name: warning: bzip2-sys@0.1.11+1.0.8: #include <stdlib.h>\nmethod_name: warning: bzip2-sys@0.1.11+1.0.8:          ^~~~~~~~~~\nmethod_name: warning: bzip2-sys@0.1.11+1.0.8: 1 error generated.\nmethod_name: warning: bzip2-sys@0.1.11+1.0.8: ToolExecError: Command \"clang\" \"-O3\" \"-ffunction-sections\" \"-fdata-sections\" \"-fPIC\" \"--target=riscv32im-risc0-zkvm-elf\" \"-target\" \"riscv32-unknown-elf\" \"-I\" \"bzip2-1.0.8\" \"-D_FILE_OFFSET_BITS=64\" \"-DBZ_NO_STDIO\" \"-o\" \"/tmp/.tmpiCxVRt/template_project/target/riscv-guest/riscv32im-risc0-zkvm-elf/release/build/bzip2-sys-9f3831e39c63691e/out/lib/5bb993572ce83733-bzlib.o\" \"-c\" \"bzip2-1.0.8/bzlib.c\" with args \"clang\" did not execute successfully (status code exit status: 1).cargo:warning=In file included from bzip2-1.0.8/decompress.c:22:\nmethod_name: warning: bzip2-sys@0.1.11+1.0.8: bzip2-1.0.8/bzlib_private.h:25:10: fatal error: 'stdlib.h' file not found\nmethod_name: warning: bzip2-sys@0.1.11+1.0.8: #include <stdlib.h>\nmethod_name: warning: bzip2-sys@0.1.11+1.0.8:          ^~~~~~~~~~\nmethod_name: warning: bzip2-sys@0.1.11+1.0.8: 1 error generated.\nmethod_name: warning: bzip2-sys@0.1.11+1.0.8: ToolExecError: Command \"clang\" \"-O3\" \"-ffunction-sections\" \"-fdata-sections\" \"-fPIC\" \"--target=riscv32im-risc0-zkvm-elf\" \"-target\" \"riscv32-unknown-elf\" \"-I\" \"bzip2-1.0.8\" \"-D_FILE_OFFSET_BITS=64\" \"-DBZ_NO_STDIO\" \"-o\" \"/tmp/.tmpiCxVRt/template_project/target/riscv-guest/riscv32im-risc0-zkvm-elf/release/build/bzip2-sys-9f3831e39c63691e/out/lib/5bb993572ce83733-decompress.o\" \"-c\" \"bzip2-1.0.8/decompress.c\" with args \"clang\" did not execute successfully (status code exit status: 1).cargo:warning=In file included from bzip2-1.0.8/compress.c:29:\nmethod_name: warning: bzip2-sys@0.1.11+1.0.8: bzip2-1.0.8/bzlib_private.h:25:10: fatal error: 'stdlib.h' file not found\nmethod_name: warning: bzip2-sys@0.1.11+1.0.8: #include <stdlib.h>\nmethod_name: warning: bzip2-sys@0.1.11+1.0.8:          ^~~~~~~~~~\nmethod_name: warning: bzip2-sys@0.1.11+1.0.8: 1 error generated.\nmethod_name: warning: bzip2-sys@0.1.11+1.0.8: ToolExecError: Command \"clang\" \"-O3\" \"-ffunction-sections\" \"-fdata-sections\" \"-fPIC\" \"--target=riscv32im-risc0-zkvm-elf\" \"-target\" \"riscv32-unknown-elf\" \"-I\" \"bzip2-1.0.8\" \"-D_FILE_OFFSET_BITS=64\" \"-DBZ_NO_STDIO\" \"-o\" \"/tmp/.tmpiCxVRt/template_project/target/riscv-guest/riscv32im-risc0-zkvm-elf/release/build/bzip2-sys-9f3831e39c63691e/out/lib/5bb993572ce83733-compress.o\" \"-c\" \"bzip2-1.0.8/compress.c\" with args \"clang\" did not execute successfully (status code exit status: 1).cargo:warning=In file included from bzip2-1.0.8/randtable.c:22:\nmethod_name: warning: bzip2-sys@0.1.11+1.0.8: bzip2-1.0.8/bzlib_private.h:25:10: fatal error: 'stdlib.h' file not found\nmethod_name: warning: bzip2-sys@0.1.11+1.0.8: #include <stdlib.h>\nmethod_name: warning: bzip2-sys@0.1.11+1.0.8:          ^~~~~~~~~~\nmethod_name: warning: bzip2-sys@0.1.11+1.0.8: 1 error generated.\nmethod_name: warning: bzip2-sys@0.1.11+1.0.8: ToolExecError: Command \"clang\" \"-O3\" \"-ffunction-sections\" \"-fdata-sections\" \"-fPIC\" \"--target=riscv32im-risc0-zkvm-elf\" \"-target\" \"riscv32-unknown-elf\" \"-I\" \"bzip2-1.0.8\" \"-D_FILE_OFFSET_BITS=64\" \"-DBZ_NO_STDIO\" \"-o\" \"/tmp/.tmpiCxVRt/template_project/target/riscv-guest/riscv32im-risc0-zkvm-elf/release/build/bzip2-sys-9f3831e39c63691e/out/lib/5bb993572ce83733-randtable.o\" \"-c\" \"bzip2-1.0.8/randtable.c\" with args \"clang\" did not execute successfully (status code exit status: 1).cargo:warning=In file included from bzip2-1.0.8/crctable.c:22:\nmethod_name: warning: bzip2-sys@0.1.11+1.0.8: bzip2-1.0.8/bzlib_private.h:25:10: fatal error: 'stdlib.h' file not found\nmethod_name: warning: bzip2-sys@0.1.11+1.0.8: #include <stdlib.h>\nmethod_name: warning: bzip2-sys@0.1.11+1.0.8:          ^~~~~~~~~~\nmethod_name: warning: bzip2-sys@0.1.11+1.0.8: 1 error generated.\nmethod_name: warning: bzip2-sys@0.1.11+1.0.8: ToolExecError: Command \"clang\" \"-O3\" \"-ffunction-sections\" \"-fdata-sections\" \"-fPIC\" \"--target=riscv32im-risc0-zkvm-elf\" \"-target\" \"riscv32-unknown-elf\" \"-I\" \"bzip2-1.0.8\" \"-D_FILE_OFFSET_BITS=64\" \"-DBZ_NO_STDIO\" \"-o\" \"/tmp/.tmpiCxVRt/template_project/target/riscv-guest/riscv32im-risc0-zkvm-elf/release/build/bzip2-sys-9f3831e39c63691e/out/lib/5bb993572ce83733-crctable.o\" \"-c\" \"bzip2-1.0.8/crctable.c\" with args \"clang\" did not execute successfully (status code exit status: 1).\nmethod_name: \nmethod_name: error: failed to run custom build command for `bzip2-sys v0.1.11+1.0.8`\nmethod_name: \nmethod_name: Caused by:\nmethod_name:   process didn't exit successfully: `/tmp/.tmpiCxVRt/template_project/target/riscv-guest/release/build/bzip2-sys-98a5f3df338bf1fe/build-script-build` (exit status: 1)\nmethod_name:   --- stdout\nmethod_name:   cargo:rerun-if-env-changed=BZIP2_NO_PKG_CONFIG\nmethod_name:   cargo:rerun-if-env-changed=PKG_CONFIG_ALLOW_CROSS_riscv32im-risc0-zkvm-elf\nmethod_name:   cargo:rerun-if-env-changed=PKG_CONFIG_ALLOW_CROSS_riscv32im_risc0_zkvm_elf\nmethod_name:   cargo:rerun-if-env-changed=TARGET_PKG_CONFIG_ALLOW_CROSS\nmethod_name:   cargo:rerun-if-env-changed=PKG_CONFIG_ALLOW_CROSS\nmethod_name:   cargo:rerun-if-env-changed=PKG_CONFIG_riscv32im-risc0-zkvm-elf\nmethod_name:   cargo:rerun-if-env-changed=PKG_CONFIG_riscv32im_risc0_zkvm_elf\nmethod_name:   cargo:rerun-if-env-changed=TARGET_PKG_CONFIG\nmethod_name:   cargo:rerun-if-env-changed=PKG_CONFIG\nmethod_name:   cargo:rerun-if-env-changed=PKG_CONFIG_SYSROOT_DIR_riscv32im-risc0-zkvm-elf\nmethod_name:   cargo:rerun-if-env-changed=PKG_CONFIG_SYSROOT_DIR_riscv32im_risc0_zkvm_elf\nmethod_name:   cargo:rerun-if-env-changed=TARGET_PKG_CONFIG_SYSROOT_DIR\nmethod_name:   cargo:rerun-if-env-changed=PKG_CONFIG_SYSROOT_DIR\nmethod_name:   TARGET = Some(\"riscv32im-risc0-zkvm-elf\")\nmethod_name:   OPT_LEVEL = Some(\"3\")\nmethod_name:   HOST = Some(\"x86_64-unknown-linux-gnu\")\nmethod_name:   cargo:rerun-if-env-changed=CC_riscv32im-risc0-zkvm-elf\nmethod_name:   CC_riscv32im-risc0-zkvm-elf = None\nmethod_name:   cargo:rerun-if-env-changed=CC_riscv32im_risc0_zkvm_elf\nmethod_name:   CC_riscv32im_risc0_zkvm_elf = None\nmethod_name:   cargo:rerun-if-env-changed=TARGET_CC\nmethod_name:   TARGET_CC = None\nmethod_name:   cargo:rerun-if-env-changed=CC\nmethod_name:   CC = Some(\"clang\")\nmethod_name:   cargo:rerun-if-env-changed=CRATE_CC_NO_DEFAULTS\nmethod_name:   CRATE_CC_NO_DEFAULTS = None\nmethod_name:   DEBUG = Some(\"false\")\nmethod_name:   cargo:rerun-if-env-changed=CFLAGS_riscv32im-risc0-zkvm-elf\nmethod_name:   CFLAGS_riscv32im-risc0-zkvm-elf = None\nmethod_name:   cargo:rerun-if-env-changed=CFLAGS_riscv32im_risc0_zkvm_elf\nmethod_name:   CFLAGS_riscv32im_risc0_zkvm_elf = Some(\"-target riscv32-unknown-elf\")\nmethod_name:   cargo:rerun-if-env-changed=CC_ENABLE_DEBUG_OUTPUT\nmethod_name:   cargo:warning=In file included from bzip2-1.0.8/blocksort.c:22:\nmethod_name:   cargo:warning=bzip2-1.0.8/bzlib_private.h:25:10: fatal error: 'stdlib.h' file not found\nmethod_name:   cargo:warning=#include <stdlib.h>\nmethod_name:   cargo:warning=         ^~~~~~~~~~\nmethod_name:   cargo:warning=1 error generated.\nmethod_name:   exit status: 1\nmethod_name:   cargo:warning=ToolExecError: Command \"clang\" \"-O3\" \"-ffunction-sections\" \"-fdata-sections\" \"-fPIC\" \"--target=riscv32im-risc0-zkvm-elf\" \"-target\" \"riscv32-unknown-elf\" \"-I\" \"bzip2-1.0.8\" \"-D_FILE_OFFSET_BITS=64\" \"-DBZ_NO_STDIO\" \"-o\" \"/tmp/.tmpiCxVRt/template_project/target/riscv-guest/riscv32im-risc0-zkvm-elf/release/build/bzip2-sys-9f3831e39c63691e/out/lib/5bb993572ce83733-blocksort.o\" \"-c\" \"bzip2-1.0.8/blocksort.c\" with args \"clang\" did not execute successfully (status code exit status: 1).cargo:warning=In file included from bzip2-1.0.8/huffman.c:22:\nmethod_name:   cargo:warning=bzip2-1.0.8/bzlib_private.h:25:10: fatal error: 'stdlib.h' file not found\nmethod_name:   cargo:warning=#include <stdlib.h>\nmethod_name:   cargo:warning=         ^~~~~~~~~~\nmethod_name:   cargo:warning=1 error generated.\nmethod_name: \nmethod_name:   exit status: 1\nmethod_name:   cargo:warning=ToolExecError: Command \"clang\" \"-O3\" \"-ffunction-sections\" \"-fdata-sections\" \"-fPIC\" \"--target=riscv32im-risc0-zkvm-elf\" \"-target\" \"riscv32-unknown-elf\" \"-I\" \"bzip2-1.0.8\" \"-D_FILE_OFFSET_BITS=64\" \"-DBZ_NO_STDIO\" \"-o\" \"/tmp/.tmpiCxVRt/template_project/target/riscv-guest/riscv32im-risc0-zkvm-elf/release/build/bzip2-sys-9f3831e39c63691e/out/lib/5bb993572ce83733-huffman.o\" \"-c\" \"bzip2-1.0.8/huffman.c\" with args \"clang\" did not execute successfully (status code exit status: 1).cargo:warning=In file included from bzip2-1.0.8/bzlib.c:31:\nmethod_name:   cargo:warning=bzip2-1.0.8/bzlib_private.h:25:10: fatal error: 'stdlib.h' file not found\nmethod_name:   cargo:warning=#include <stdlib.h>\nmethod_name:   cargo:warning=         ^~~~~~~~~~\nmethod_name:   cargo:warning=1 error generated.\nmethod_name: \nmethod_name:   exit status: 1\nmethod_name:   cargo:warning=ToolExecError: Command \"clang\" \"-O3\" \"-ffunction-sections\" \"-fdata-sections\" \"-fPIC\" \"--target=riscv32im-risc0-zkvm-elf\" \"-target\" \"riscv32-unknown-elf\" \"-I\" \"bzip2-1.0.8\" \"-D_FILE_OFFSET_BITS=64\" \"-DBZ_NO_STDIO\" \"-o\" \"/tmp/.tmpiCxVRt/template_project/target/riscv-guest/riscv32im-risc0-zkvm-elf/release/build/bzip2-sys-9f3831e39c63691e/out/lib/5bb993572ce83733-bzlib.o\" \"-c\" \"bzip2-1.0.8/bzlib.c\" with args \"clang\" did not execute successfully (status code exit status: 1).cargo:warning=In file included from bzip2-1.0.8/decompress.c:22:\nmethod_name:   cargo:warning=bzip2-1.0.8/bzlib_private.h:25:10: fatal error: 'stdlib.h' file not found\nmethod_name:   cargo:warning=#include <stdlib.h>\nmethod_name:   cargo:warning=         ^~~~~~~~~~\nmethod_name:   cargo:warning=1 error generated.\nmethod_name: \nmethod_name:   exit status: 1\nmethod_name:   cargo:warning=ToolExecError: Command \"clang\" \"-O3\" \"-ffunction-sections\" \"-fdata-sections\" \"-fPIC\" \"--target=riscv32im-risc0-zkvm-elf\" \"-target\" \"riscv32-unknown-elf\" \"-I\" \"bzip2-1.0.8\" \"-D_FILE_OFFSET_BITS=64\" \"-DBZ_NO_STDIO\" \"-o\" \"/tmp/.tmpiCxVRt/template_project/target/riscv-guest/riscv32im-risc0-zkvm-elf/release/build/bzip2-sys-9f3831e39c63691e/out/lib/5bb993572ce83733-decompress.o\" \"-c\" \"bzip2-1.0.8/decompress.c\" with args \"clang\" did not execute successfully (status code exit status: 1).cargo:warning=In file included from bzip2-1.0.8/compress.c:29:\nmethod_name:   cargo:warning=bzip2-1.0.8/bzlib_private.h:25:10: fatal error: 'stdlib.h' file not found\nmethod_name:   cargo:warning=#include <stdlib.h>\nmethod_name:   cargo:warning=         ^~~~~~~~~~\nmethod_name:   cargo:warning=1 error generated.\nmethod_name: \nmethod_name:   exit status: 1\nmethod_name:   cargo:warning=ToolExecError: Command \"clang\" \"-O3\" \"-ffunction-sections\" \"-fdata-sections\" \"-fPIC\" \"--target=riscv32im-risc0-zkvm-elf\" \"-target\" \"riscv32-unknown-elf\" \"-I\" \"bzip2-1.0.8\" \"-D_FILE_OFFSET_BITS=64\" \"-DBZ_NO_STDIO\" \"-o\" \"/tmp/.tmpiCxVRt/template_project/target/riscv-guest/riscv32im-risc0-zkvm-elf/release/build/bzip2-sys-9f3831e39c63691e/out/lib/5bb993572ce83733-compress.o\" \"-c\" \"bzip2-1.0.8/compress.c\" with args \"clang\" did not execute successfully (status code exit status: 1).cargo:warning=In file included from bzip2-1.0.8/randtable.c:22:\nmethod_name:   cargo:warning=bzip2-1.0.8/bzlib_private.h:25:10: fatal error: 'stdlib.h' file not found\nmethod_name:   cargo:warning=#include <stdlib.h>\nmethod_name:   cargo:warning=         ^~~~~~~~~~\nmethod_name:   cargo:warning=1 error generated.\nmethod_name: \nmethod_name:   exit status: 1\nmethod_name:   cargo:warning=ToolExecError: Command \"clang\" \"-O3\" \"-ffunction-sections\" \"-fdata-sections\" \"-fPIC\" \"--target=riscv32im-risc0-zkvm-elf\" \"-target\" \"riscv32-unknown-elf\" \"-I\" \"bzip2-1.0.8\" \"-D_FILE_OFFSET_BITS=64\" \"-DBZ_NO_STDIO\" \"-o\" \"/tmp/.tmpiCxVRt/template_project/target/riscv-guest/riscv32im-risc0-zkvm-elf/release/build/bzip2-sys-9f3831e39c63691e/out/lib/5bb993572ce83733-randtable.o\" \"-c\" \"bzip2-1.0.8/randtable.c\" with args \"clang\" did not execute successfully (status code exit status: 1).cargo:warning=In file included from bzip2-1.0.8/crctable.c:22:\nmethod_name:   cargo:warning=bzip2-1.0.8/bzlib_private.h:25:10: fatal error: 'stdlib.h' file not found\nmethod_name:   cargo:warning=#include <stdlib.h>\nmethod_name:   cargo:warning=         ^~~~~~~~~~\nmethod_name:   cargo:warning=1 error generated.\nmethod_name: \nmethod_name:   exit status: 1\nmethod_name:   cargo:warning=ToolExecError: Command \"clang\" \"-O3\" \"-ffunction-sections\" \"-fdata-sections\" \"-fPIC\" \"--target=riscv32im-risc0-zkvm-elf\" \"-target\" \"riscv32-unknown-elf\" \"-I\" \"bzip2-1.0.8\" \"-D_FILE_OFFSET_BITS=64\" \"-DBZ_NO_STDIO\" \"-o\" \"/tmp/.tmpiCxVRt/template_project/target/riscv-guest/riscv32im-risc0-zkvm-elf/release/build/bzip2-sys-9f3831e39c63691e/out/lib/5bb993572ce83733-crctable.o\" \"-c\" \"bzip2-1.0.8/crctable.c\" with args \"clang\" did not execute successfully (status code exit status: 1).\nmethod_name: \nmethod_name:   --- stderr\nmethod_name: \nmethod_name: \nmethod_name:   error occurred: Command \"clang\" \"-O3\" \"-ffunction-sections\" \"-fdata-sections\" \"-fPIC\" \"--target=riscv32im-risc0-zkvm-elf\" \"-target\" \"riscv32-unknown-elf\" \"-I\" \"bzip2-1.0.8\" \"-D_FILE_OFFSET_BITS=64\" \"-DBZ_NO_STDIO\" \"-o\" \"/tmp/.tmpiCxVRt/template_project/target/riscv-guest/riscv32im-risc0-zkvm-elf/release/build/bzip2-sys-9f3831e39c63691e/out/lib/5bb993572ce83733-crctable.o\" \"-c\" \"bzip2-1.0.8/crctable.c\" with args \"clang\" did not execute successfully (status code exit status: 1).\nmethod_name: \nmethod_name: \nmethod_name: The following warnings were emitted during compilation:\nmethod_name: \nmethod_name: warning: zstd-sys@2.0.9+zstd.1.5.5: In file included from zstd/lib/common/entropy_common.c:18:\nmethod_name: warning: zstd-sys@2.0.9+zstd.1.5.5: In file included from zstd/lib/common/mem.h:24:\nmethod_name: warning: zstd-sys@2.0.9+zstd.1.5.5: zstd/lib/common/zstd_deps.h:29:10: fatal error: 'string.h' file not found\nmethod_name: warning: zstd-sys@2.0.9+zstd.1.5.5: #include <string.h>\nmethod_name: warning: zstd-sys@2.0.9+zstd.1.5.5:          ^~~~~~~~~~\nmethod_name: warning: zstd-sys@2.0.9+zstd.1.5.5: 1 error generated.\nmethod_name: warning: zstd-sys@2.0.9+zstd.1.5.5: ToolExecError: Command \"clang\" \"-O3\" \"-ffunction-sections\" \"-fdata-sections\" \"-fPIC\" \"--target=riscv32im-risc0-zkvm-elf\" \"-target\" \"riscv32-unknown-elf\" \"-I\" \"zstd/lib/\" \"-I\" \"zstd/lib/common\" \"-I\" \"zstd/lib/legacy\" \"-fvisibility=hidden\" \"-ffunction-sections\" \"-fdata-sections\" \"-fmerge-all-constants\" \"-DZSTD_LIB_DEPRECATED=0\" \"-DXXH_PRIVATE_API=\" \"-DZSTDLIB_VISIBILITY=\" \"-DZDICTLIB_VISIBILITY=\" \"-DZSTDERRORLIB_VISIBILITY=\" \"-DZSTD_LEGACY_SUPPORT=1\" \"-o\" \"/tmp/.tmpiCxVRt/template_project/target/riscv-guest/riscv32im-risc0-zkvm-elf/release/build/zstd-sys-e8a5090531ceca57/out/8957a4c8b028b07b-entropy_common.o\" \"-c\" \"zstd/lib/common/entropy_common.c\" with args \"clang\" did not execute successfully (status code exit status: 1).cargo:warning=In file included from zstd/lib/common/error_private.c:13:\nmethod_name: warning: zstd-sys@2.0.9+zstd.1.5.5: In file included from zstd/lib/common/error_private.h:27:\nmethod_name: warning: zstd-sys@2.0.9+zstd.1.5.5: zstd/lib/common/zstd_deps.h:29:10: fatal error: 'string.h' file not found\nmethod_name: warning: zstd-sys@2.0.9+zstd.1.5.5: #include <string.h>\nmethod_name: warning: zstd-sys@2.0.9+zstd.1.5.5:          ^~~~~~~~~~\nmethod_name: warning: zstd-sys@2.0.9+zstd.1.5.5: 1 error generated.\nmethod_name: warning: zstd-sys@2.0.9+zstd.1.5.5: ToolExecError: Command \"clang\" \"-O3\" \"-ffunction-sections\" \"-fdata-sections\" \"-fPIC\" \"--target=riscv32im-risc0-zkvm-elf\" \"-target\" \"riscv32-unknown-elf\" \"-I\" \"zstd/lib/\" \"-I\" \"zstd/lib/common\" \"-I\" \"zstd/lib/legacy\" \"-fvisibility=hidden\" \"-ffunction-sections\" \"-fdata-sections\" \"-fmerge-all-constants\" \"-DZSTD_LIB_DEPRECATED=0\" \"-DXXH_PRIVATE_API=\" \"-DZSTDLIB_VISIBILITY=\" \"-DZDICTLIB_VISIBILITY=\" \"-DZSTDERRORLIB_VISIBILITY=\" \"-DZSTD_LEGACY_SUPPORT=1\" \"-o\" \"/tmp/.tmpiCxVRt/template_project/target/riscv-guest/riscv32im-risc0-zkvm-elf/release/build/zstd-sys-e8a5090531ceca57/out/8957a4c8b028b07b-error_private.o\" \"-c\" \"zstd/lib/common/error_private.c\" with args \"clang\" did not execute successfully (status code exit status: 1).cargo:warning=In file included from zstd/lib/common/fse_decompress.c:20:\nmethod_name: warning: zstd-sys@2.0.9+zstd.1.5.5: In file included from zstd/lib/common/bitstream.h:29:\nmethod_name: warning: zstd-sys@2.0.9+zstd.1.5.5: In file included from zstd/lib/common/mem.h:24:\nmethod_name: warning: zstd-sys@2.0.9+zstd.1.5.5: zstd/lib/common/zstd_deps.h:29:10: fatal error: 'string.h' file not found\nmethod_name: warning: zstd-sys@2.0.9+zstd.1.5.5: #include <string.h>\nmethod_name: warning: zstd-sys@2.0.9+zstd.1.5.5:          ^~~~~~~~~~\nmethod_name: warning: zstd-sys@2.0.9+zstd.1.5.5: 1 error generated.\nmethod_name: warning: zstd-sys@2.0.9+zstd.1.5.5: ToolExecError: Command \"clang\" \"-O3\" \"-ffunction-sections\" \"-fdata-sections\" \"-fPIC\" \"--target=riscv32im-risc0-zkvm-elf\" \"-target\" \"riscv32-unknown-elf\" \"-I\" \"zstd/lib/\" \"-I\" \"zstd/lib/common\" \"-I\" \"zstd/lib/legacy\" \"-fvisibility=hidden\" \"-ffunction-sections\" \"-fdata-sections\" \"-fmerge-all-constants\" \"-DZSTD_LIB_DEPRECATED=0\" \"-DXXH_PRIVATE_API=\" \"-DZSTDLIB_VISIBILITY=\" \"-DZDICTLIB_VISIBILITY=\" \"-DZSTDERRORLIB_VISIBILITY=\" \"-DZSTD_LEGACY_SUPPORT=1\" \"-o\" \"/tmp/.tmpiCxVRt/template_project/target/riscv-guest/riscv32im-risc0-zkvm-elf/release/build/zstd-sys-e8a5090531ceca57/out/8957a4c8b028b07b-fse_decompress.o\" \"-c\" \"zstd/lib/common/fse_decompress.c\" with args \"clang\" did not execute successfully (status code exit status: 1).cargo:warning=In file included from zstd/lib/common/pool.c:13:\nmethod_name: warning: zstd-sys@2.0.9+zstd.1.5.5: In file included from zstd/lib/common/../common/allocations.h:15:\nmethod_name: warning: zstd-sys@2.0.9+zstd.1.5.5: zstd/lib/common/zstd_deps.h:29:10: fatal error: 'string.h' file not found\nmethod_name: warning: zstd-sys@2.0.9+zstd.1.5.5: #include <string.h>\n"}]